7 -10.530730 -11.270014 -8.266362 -9.339360 -9.955072 -11.294920 75.292052 -10.777314 -8.333913 -9.466610 46.205847 -10.015278 -10.799793 -11.448535
8 -0.200463 -1.685819 -1.806231 -1.664726 -0.574889 -1.904940 -1.096906 28.808906 -14.012675 -1.480572 -2.610901 -0.776098 -1.488235 0.493550
9 0.361818 0.019110 -0.446558 2.064130 0.749090 -0.247920 -0.540139 -24.367196 19.323802 0.201358 1.263772 0.458196 1.226564 -0.066026
1 31.862155 -2.574891 -2.149679 -2.557582 -1.944006 -3.082581 -2.572296 -3.002308 -2.308145 -2.526307 -2.753720 -1.283409 -2.697212 -2.410018
6 -0.460453 0.269035 1.013929 0.342737 0.638317 1.925625 -0.911183 -0.522802 -2.643308 -1.137178 -0.091038 1.428852 -0.189404 0.336871
1 2.586758 -0.408310 -0.423120 -0.437819 0.050049 -0.169833 -0.321621 -0.144162 0.438952 -0.422092 -0.353322 0.180029 0.013096 -0.588606
9 1.567995 0.752472 0.328043 1.040132 0.554829 2.822631 0.736061 -25.370174 13.968632 0.207623 -0.353146 2.950987 0.700083 0.093832
4 -0.618192 0.296549 0.270009 1.347595 0.637664 1.008341 -0.526333 -0.914061 -2.363478 -0.204174 0.216017 0.397973 -0.146843 0.598932
5 -3.617055 -2.730975 -4.032011 -2.751289 28.648808 4.389929 -3.686983 -2.792844 -4.239234 -2.990798 -3.309430 3.867229 -2.810488 -3.944858
5 -0.209813 -0.092204 -0.168705 -0.011091 4.923385 -0.826697 0.243787 -1.190494 -1.797408 0.064462 -0.640110 -0.558913 0.469033 -0.205232
1 0.796381 -0.034865 -0.386682 0.340727 0.025365 0.087971 -0.243882 -0.474934 -0.200414 -0.535443 -0.663062 0.417199 0.784829 0.086810
3 0.405461 -0.607409 3.216820 1.345030 0.950492 -0.775734 -1.127604 -0.849597 -1.614981 -0.657061 0.011278 -0.383224 0.198580 -0.112050
3 -1.672200 -1.226962 11.600140 -2.516887 -1.039500 -0.922146 -2.841548 -0.270030 0.290812 -0.695840 -0.030053 -2.141020 0.163726 1.301507
4 -0.995982 0.383428 0.455410 0.958510 0.506399 -0.477732 0.361873 0.204197 -1.337478 -0.224965 0.567385 0.224684 -0.606342 -0.019390
1 120.266712 -9.551368 -8.861663 -8.698287 -9.488650 -10.177102 -10.504850 -9.985957 -8.581418 -9.424906 -9.254395 -9.262694 -10.160902 -6.314517
11 -2.539481 -2.351744 0.070527 -1.989258 -2.832615 -2.587942 -3.024777 -2.995746 -4.791658 -3.265589 33.145676 -1.946417 -2.315667 -2.575309
9 0.714841 -0.244425 0.583766 5.683499 0.014565 1.123474 0.264616 -24.298434 16.373323 -0.529573 -0.586951 0.531907 0.665540 -0.296148
12 1.591055 -0.301246 0.569595 0.559928 0.050746 -2.693780 -1.483276 -1.457835 -2.244454 0.696836 -0.756438 4.196343 0.281851 0.990676
3 1.043625 -0.638855 2.596576 0.268147 -0.380583 -0.803636 -1.581050 -1.690334 -2.172350 1.164661 0.495539 0.237960 0.099587 1.360715
11 -1.824739 -3.275934 -2.992291 -2.756905 -2.013472 -2.250932 -0.721942 -3.204813 -2.887727 -3.234894 30.859766 -1.683031 -1.914882 -2.098201
3 -0.962131 -1.237758 13.443753 -0.413196 -0.923018 -0.596451 -0.901858 -1.324157 -1.793453 -1.647404 -0.624382 -0.405014 -0.964237 -1.650693
12 0.765236 0.103314 0.041821 -0.446313 -0.134554 -0.166806 -0.132834 -1.559174 -0.628329 0.715493 -0.462832 1.705860 0.352592 -0.153476
9 -1.201726 0.464100 -0.467027 -0.443810 0.643111 0.004325 -0.983438 0.110942 1.087316 -0.132975 0.679376 0.162503 -0.465003 0.542306
9 -0.023346 0.001721 0.246380 0.617823 0.503989 1.587610 0.908944 -24.821049 19.224137 0.444963 0.832938 -0.229661 0.478562 0.226989
2 -0.625449 1.203264 0.647857 -0.090048 0.858899 0.173348 0.143655 0.794305 -1.722732 -0.958640 -0.693959 -0.175510 0.375196 0.069816
8 -2.293919 0.133230 -0.282419 0.841647 0.044582 0.173796 -0.015624 2.470264 -0.832559 -0.471106 -0.192403 -0.491476 -0.469327 1.385313
14 0.415462 0.473358 -0.238837 0.162049 0.279160 -0.262916 -0.019237 -1.099532 -1.939881 -1.027956 -0.529398 0.019481 0.916655 2.851593
2 -1.160275 16.333299 -1.615265 -0.560837 -0.807524 -1.910327 -1.517664 -0.638892 -0.626630 -1.227290 -2.203281 -1.206985 -0.371126 -2.487203
1 61.530974 -5.862538 -5.153472 -5.025249 -4.785138 -3.016412 -4.841096 -4.358365 -6.384112 -4.137705 -3.865270 -5.182219 -4.691401 -4.227995
10 0.151311 0.488635 -0.363401 -0.207006 -0.034418 0.619659 -0.403447 -0.423388 -1.699798 0.901616 0.495200 -0.011717 0.037701 0.449053
9 0.724633 0.755518 0.708363 0.805497 2.400860 0.911351 0.590640 -24.873314 15.440671 0.257588 0.633953 0.660480 0.744702 0.239059
6 0.031258 -0.611320 0.265710 -0.245949 -0.165949 1.504965 -0.338469 0.707094 0.856678 -0.716153 -0.324261 -1.011352 0.322676 -0.274927
6 -0.931034 -1.431814 -1.410300 -0.995719 -2.190054 12.943086 0.717486 -1.527914 -2.277791 -1.272279 -1.206720 -0.603362 -0.616680 0.803096
14 -0.351798 0.670454 -0.634986 -0.306115 0.893247 -0.010367 -0.441293 -0.854296 -2.915631 -0.085473 -0.087432 0.122016 0.193028 3.808647
7 -5.640370 -5.683961 -5.556820 -5.661100 -5.931589 -6.495122 79.475855 -6.871912 -8.537849 -5.948824 -5.432445 -5.365261 -6.734672 -5.615927
14 -0.794719 -2.265125 -1.963601 -1.034514 -0.887369 -2.512875 -1.732739 -0.819024 -2.741828 0.399562 -2.255410 -0.627252 -1.781215 19.016111
13 -0.386497 2.931565 -0.278547 0.904890 -0.187092 -1.142719 0.155538 -1.671801 -2.411168 -0.720688 -0.768624 -0.055739 4.313596 -0.682714
2 -4.062416 23.164501 -2.656027 -1.736449 -2.330677 -2.300398 -0.894968 -5.388097 -3.176321 -2.077702 9.231746 -2.397118 -2.665411 -2.710662
2 -1.200791 12.431914 -0.182089 -0.075146 -0.734776 -1.153251 -0.453139 -2.277906 -3.012104 -0.199999 -1.264714 -0.600604 -1.007049 -0.270347
14 1.177189 -0.167314 0.857433 0.834582 -0.000472 -0.300011 -1.285606 -0.419412 -2.075472 -1.189478 0.357998 0.288181 0.425093 1.497288
7 -0.269369 -0.323936 0.166462 -0.149368 0.238073 1.051843 1.587835 -1.674583 -1.657109 -0.241401 0.469443 -0.008637 0.652125 0.158620
3 -0.435969 -0.214898 3.013546 0.283372 -1.026535 -1.833968 -0.011845 0.867707 0.198989 -0.002371 0.683116 0.691565 -0.946788 -1.265921
13 0.181466 -1.308754 -0.232498 -0.642559 1.095487 -0.114273 -1.167647 -1.372534 -1.365171 -0.352369 -0.289263 -0.282295 6.524511 -0.674099
3 -2.802801 -2.865584 36.173154 -2.723224 -3.006944 -2.481146 -2.871527 -2.683578 -2.632871 -2.758566 -3.468559 -2.838074 -2.714695 -2.325584
6 -3.295093 -1.814292 -0.795565 0.080966 -2.453811 15.819576 -1.075901 -1.609263 -2.097057 -1.696514 -0.965368 -0.605244 1.737582 -1.230014
12 -2.168135 -0.599163 -0.835552 -0.851868 0.655931 -0.296728 -0.253289 -0.063007 1.207409 1.805451 -0.237730 1.914274 -0.124117 -0.153478
6 -0.390581 0.002904 0.190311 -0.035587 -0.085585 1.819783 -0.445373 -0.288934 -1.700870 0.170603 -0.237467 -0.775986 -0.004975 1.781756
13 -0.449133 -0.898429 -0.339899 0.604797 -0.063251 -0.037501 0.077202 -1.873750 -4.184219 0.798157 0.010630 -0.086975 6.174282 0.268086
11 -1.844953 2.110219 -0.727263 -0.311447 -0.895127 -0.780020 -1.028773 -0.997326 -1.781196 -0.598095 9.272263 -0.775153 -0.896232 -0.746895
13 1.002944 -0.877959 -0.990802 0.584465 -0.365694 -0.327100 -0.152264 -0.983006 -0.454446 -0.548941 -0.250779 -0.322740 3.207719 0.478603
14 -0.019827 -0.656465 -0.002045 -0.665819 0.145578 -0.876803 0.358443 -1.245024 -1.684031 -0.879886 -0.380116 0.159350 -0.483519 6.230165
14 0.000000 -0.015453 -0.024191 -0.017684 -0.055652 -0.065463 -0.072453 -0.022096 0.000000 -0.042156 -0.084372 0.000000 0.000000 0.399521
14 -0.386010 -1.024629 -0.020927 -0.675417 -0.331744 -0.042381 -1.147090 -1.073474 -1.707266 -1.059649 -0.614864 -0.362097 0.159792 8.285756
11 -5.353733 -4.872686 -5.222383 -4.703804 -4.716407 -4.672213 -5.740288 -4.173423 -3.976375 -4.447214 60.676785 -4.021023 -3.724901 -5.052335
7 -0.245264 0.725956 -0.502982 -0.184383 -1.181363 0.257068 4.376489 -1.495133 -1.827340 -0.469197 0.927169 -0.525996 -0.515128 0.660104
6 -1.772446 -0.328696 -1.111112 -0.992773 -0.800254 13.406433 -1.464750 -1.317335 -1.755817 -1.293552 -0.827109 -0.567181 -0.950978 -0.224428
4 -6.223534 -6.224327 -5.263218 81.297249 -7.240000 -6.921786 -6.040496 -5.433042 -7.153002 -6.362474 -5.939586 -5.871166 -6.253620 -6.370997
4 -6.637148 -6.687661 -5.866015 82.357001 -7.150908 -5.912539 -5.404824 -6.395756 -7.446038 -6.122576 -6.078875 -6.420749 -6.278128 -5.955783
4 -3.622881 -1.083445 -3.545297 45.010657 -3.554375 -3.756347 -3.473749 -2.137657 -8.706005 -2.926517 -2.326967 -4.277304 -4.228963 -1.371153
7 -5.958703 -4.968176 -6.678196 -6.601393 -6.985663 -5.878599 81.272424 -7.002119 -6.632525 -6.477727 -6.463730 -5.273677 -6.508845 -5.843068
7 -7.971083 -5.828366 -8.095050 -8.759351 -7.005839 -9.144045 92.018439 -9.093254 -7.854657 -6.278003 -2.375830 -8.397617 -4.202010 -7.013332
7 0.166922 -0.417188 0.533221 -0.030721 -0.671094 0.071556 3.368760 -1.527571 -1.859586 -0.433831 -0.277110 -0.184747 0.916025 0.345365
7 -5.972181 -9.646382 -8.133347 -7.890631 -8.380111 -8.828576 102.949391 -14.107609 -9.374102 -7.846070 0.335999 -7.641642 -7.210952 -8.253783
7 -6.290081 -6.654091 -6.673209 -6.847347 -6.723501 -7.243918 82.436467 -6.352412 -7.739663 -6.353925 -4.864856 -6.759408 -5.940537 -3.993516
6 -0.885308 -2.398784 -1.615743 -2.533702 -2.377427 26.560251 -1.258093 -1.954965 -3.814062 -2.619900 -1.977255 -1.239909 -1.989311 -1.895791
9 -1.029103 -0.150433 -0.221237 -0.102391 -0.439843 -0.247980 0.030549 -1.581413 2.134962 0.012495 1.009292 0.268755 -0.251062 0.567409
2 -0.958178 1.010048 0.071691 0.015500 0.697852 0.367357 -0.594187 0.175947 -1.213112 -0.019572 -0.040926 0.971316 -1.079162 0.595427
8 -0.769452 0.324317 -0.205567 -0.408575 -0.265344 1.093393 -0.831176 3.286629 -0.279905 -0.786979 -0.424366 -1.060876 0.722702 -0.394802
8 -1.333883 2.454496 -0.659808 0.836696 0.198240 -0.609057 -1.374545 5.411176 -3.560865 -0.569943 1.005865 -1.240568 -0.752218 0.194414
6 0.610318 -1.474483 -0.240935 0.387433 -1.447082 3.327953 -1.369161 -0.594499 0.353472 -1.358998 -1.210132 0.082632 1.856781 1.076701
4 -7.675679 -5.685705 -6.244347 82.372305 -7.534300 -6.900724 -4.184206 -5.838117 -6.449314 -7.051548 -7.093301 -6.736842 -3.265164 -7.713060
4 -7.186823 -7.319448 -5.546999 81.402015 -6.972286 -6.354789 -6.152113 -5.896952 -7.183968 -4.769330 -5.822679 -6.827373 -4.559817 -6.809437
4 -6.634183 -6.492254 -5.997595 82.194899 -7.180405 -6.230137 -6.429672 -6.236867 -5.784726 -6.466495 -6.121384 -5.835858 -6.595754 -6.189567
11 -0.811941 -1.253332 -0.721266 -1.306626 -0.928721 -0.177629 -1.075974 -2.148463 -1.763729 -0.935451 14.241415 -1.126556 -0.910477 -1.081249
11 -0.165583 -0.556214 -0.560849 -0.404435 0.201052 -0.359829 2.148193 -0.693631 -3.057335 0.039335 2.278279 -0.413228 0.946857 0.597388
9 1.641324 1.384017 0.469000 0.231816 1.959069 1.000975 -0.027572 -24.008084 12.734947 1.013194 0.535857 1.156623 1.344486 0.564349
4 -6.149334 -5.082377 -5.999850 81.909826 -6.660306 -5.974607 -5.178925 -6.148258 -9.339228 -6.369718 -5.990027 -6.734706 -6.263996 -6.018492
5 -3.374920 -1.580657 -1.965452 -1.673481 32.918802 -3.333874 -2.320832 -3.671853 -4.734652 -1.814974 -1.634495 -1.869098 -2.893510 -2.051002
13 0.135071 -0.658476 -0.713366 0.077049 0.252866 1.613705 1.087147 -1.377048 -1.089316 -0.018380 -0.380273 -0.491084 1.982649 -0.420543
9 0.579654 0.672217 1.061836 1.409769 1.063602 0.574757 0.980100 -24.531090 15.758883 -0.046641 0.688197 0.802202 0.864101 0.122416
11 -1.973447 -2.586923 -2.065330 -3.308332 -2.977367 -2.540101 -2.449879 -3.351864 -3.572682 -3.395463 35.719953 -2.058588 -2.204051 -3.235925
11 -5.787849 -4.317776 -4.751551 -4.565358 -4.375879 -4.783728 -4.263384 -7.054056 -5.757417 -5.189980 65.257416 -4.776872 -4.734087 -4.899479
11 -0.669075 -1.002892 -0.850751 -0.023785 -0.475315 0.981503 0.324628 -0.744014 -3.782185 -0.892419 8.612635 -0.521299 -0.198183 -0.758850
8 -0.313309 0.516463 -0.206919 -0.700922 -0.177085 0.915997 -0.350182 1.105926 1.007264 -0.682476 -0.994347 -0.375464 -0.106149 0.361202
1 55.291960 -3.393796 -3.866006 -4.918303 -3.779709 -4.280113 -4.068535 -4.575665 -5.897336 -4.627033 -4.221162 -4.938665 -3.865179 -2.860458
9 0.130495 -0.230182 1.322847 0.583949 0.069051 0.426696 1.289588 -25.207982 11.606784 0.038035 1.477483 -0.490486 7.414354 1.569368
3 0.657598 -1.118526 3.164736 0.844346 -0.864945 -0.454068 -0.699286 -1.210142 -1.345444 0.323595 -1.184253 -0.065164 0.348125 1.603427
4 -6.591992 -6.625115 -5.866501 82.519145 -7.105798 -6.166166 -6.008488 -6.267129 -7.366793 -6.054247 -6.026969 -6.277441 -6.018076 -6.144430
4 -5.500681 -4.810905 -6.286141 81.822459 -6.490179 -5.682905 -6.130734 -5.904757 -9.740305 -6.087707 -5.450447 -6.789619 -6.947601 -6.000477
2 -1.962021 9.923058 -0.231036 -0.097010 -1.004154 -1.438710 -1.166516 -1.376435 -2.008948 -0.956292 0.130839 -0.746154 -0.457998 1.391378
4 -0.572516 0.247260 0.284385 1.141461 0.247300 0.246329 -0.206598 -1.513910 -3.097690 0.616735 0.666413 0.836314 0.014609 1.089910
1 0.000000 0.000000 0.000000 0.000000 0.000000 0.000000 0.000000 0.000000 0.000000 0.000000 0.000000 0.000000 0.000000 0.000000
2 -1.347454 13.375608 -0.472702 -0.213846 -0.471777 -0.525656 -1.025663 -0.845858 -4.950886 -0.896425 -0.103023 -1.106661 -1.373835 -0.041822
3 -0.745273 0.399603 1.356883 0.135107 0.955197 0.062287 -0.786066 -1.153424 -3.920373 1.136645 1.295686 0.208167 0.707981 0.347581
1 56.733196 -5.268946 -3.801406 -4.629362 -3.866762 -4.135990 -2.536145 -5.317117 -4.804025 -5.007886 -2.584537 -4.597201 -5.086313 -5.097505
7 -5.973799 -7.636587 -7.487096 -7.442537 -7.566304 -8.363128 99.269103 -15.008222 -9.163349 -7.614672 -1.348095 -7.278480 -6.723957 -7.662872
6 -8.431895 -5.676499 -5.113941 -5.004233 -6.900568 72.694414 -5.106793 -5.018318 -4.734753 -5.322622 -5.807791 -5.508664 -4.711731 -5.356603
4 0.392860 -0.245251 -0.080255 0.719055 0.147020 -0.098533 -0.442405 -0.250684 -0.528533 0.456240 -0.353387 0.017788 -0.280251 0.546336
13 -0.632152 -0.917624 -0.135311 -0.773209 1.020454 -0.587251 -1.554327 -0.496210 -1.274615 -0.735673 -0.848826 0.021068 6.050688 0.862987
1 3.979467 -1.167358 -0.448948 -0.786509 -0.435551 0.425924 -0.299536 -1.112019 -1.359139 0.274522 -0.515487 -0.316176 0.413903 1.346906
7 -0.073559 0.211383 0.517582 -0.036300 0.010393 0.052316 1.290047 -0.562196 -1.570132 -0.144973 0.003751 0.350664 -0.730459 0.681481
9 1.676787 0.565023 0.266792 0.493352 0.746486 0.348261 -0.122957 -24.303465 16.448854 2.281217 0.136397 0.574949 0.276386 0.611917
2 0.506237 1.391286 -0.078764 0.019146 0.577919 -0.319877 -0.259405 -0.555757 -2.237840 -0.713979 0.794263 0.776847 -0.591159 0.691083
8 -1.170263 -1.647915 -0.943510 -1.797533 2.870845 -0.913190 -0.210033 25.407625 -17.022203 -0.689635 -0.585166 -1.040723 -1.097282 -1.161016
7 -4.428539 -5.807442 -4.724413 -6.745126 -6.303662 -7.193142 78.916766 -6.467273 -7.755450 -6.624964 -5.030402 -5.952070 -6.111227 -5.773053
2 -0.019242 0.399521 0.000000 -0.039049 -0.050263 -0.117161 -0.042498 0.399521 0.000000 -0.041239 -0.131379 -0.080672 -0.220387 -0.057151
11 -0.689212 -0.134241 -0.536315 -0.887273 0.820513 0.213250 -1.186359 -1.458254 -3.566580 -1.312651 10.449068 -0.816239 -0.979148 0.083441
10 -0.311214 0.081691 0.545514 -0.257745 -0.484245 -0.451784 0.200216 -1.416390 -1.552947 4.877119 0.108927 -0.930427 0.245043 -0.653760
14 1.541957 0.180156 -0.506460 -1.107593 -0.774398 -0.257787 0.610970 -1.139445 -0.221589 -0.522694 -0.433019 0.339694 0.135717 2.154492
9 0.534856 0.062704 2.507524 0.490871 0.477199 0.473277 0.266734 -25.290692 15.176609 0.655342 0.300467 -0.048252 4.400470 -0.007110
2 9.737839 32.838168 -4.259794 -3.648705 -3.016911 -3.216406 -2.996218 -4.311977 -2.548380 -3.993012 -2.792815 -3.553026 -3.365889 -4.872874
9 1.069365 0.755518 0.691247 0.632183 0.651166 0.775694 0.836459 -24.710923 15.320427 0.517004 0.597434 1.332348 0.997448 0.534629
2 -1.594906 19.362282 -1.240836 -1.414388 -0.631567 -0.700206 -1.027442 -2.287756 -2.617468 -1.717206 -1.346464 -1.415842 -1.692955 -1.675246
11 -0.706557 0.512380 0.128739 0.508272 0.251094 -0.059336 0.046899 -0.152990 -1.655690 0.338326 0.598764 0.251343 -0.565222 0.503979
4 -6.026361 -5.739147 -6.225445 81.531549 -6.987569 -7.110366 -6.151217 -5.955471 -6.836432 -6.118791 -6.513084 -6.312455 -5.221345 -6.333864
1 88.309487 -7.378326 -6.630034 -6.548372 -6.650603 -6.417935 -6.835667 -7.871211 -6.214496 -6.776972 -6.995489 -6.471213 -6.755136 -6.764031
1 84.697496 -4.965746 -5.794731 -6.159560 -6.241016 -5.882532 -8.882202 -5.865834 -8.878528 -6.394673 -6.184280 -6.327358 -6.609951 -6.511083
1 62.258317 -4.699244 -4.496968 -5.123871 -5.304932 -5.010602 -4.749048 -4.879590 -3.766400 -4.868525 -4.541054 -4.875462 -4.489355 -5.453265
9 -1.377047 -0.141401 0.352965 -0.824443 -0.902012 -1.532828 -0.331835 0.291033 6.189833 0.383297 0.251252 -1.376141 -0.657023 -0.325650
4 -6.469540 -6.701186 -5.746648 84.055042 -6.891133 -6.400411 -7.081434 -6.016762 -6.618952 -6.551941 -6.433851 -6.862691 -6.917822 -5.362670
7 -0.070705 -0.889562 -0.635441 -0.008907 -0.455556 -0.631599 2.961592 -0.271461 -2.495542 -0.163466 0.905245 -0.139609 1.413379 0.481632
2 -1.234594 20.167378 -0.921328 -1.789829 -1.713342 -1.300008 -0.691600 -2.083552 -1.880681 -0.364228 -1.903575 -1.999137 -2.377616 -1.907888
1 3.979617 -0.748942 0.017055 0.649858 0.423210 -0.815181 -0.317946 -0.486937 -1.655261 -0.382981 -0.042503 0.113915 -0.251311 -0.482593
7 1.647230 -1.850406 -1.149141 -1.772227 -1.810597 1.961543 5.189321 0.153340 -1.134944 1.360288 -0.833560 -0.845736 1.087621 -2.002733
13 1.004597 0.415608 0.885630 -0.341593 -0.820660 -0.832781 0.357872 -2.448381 -0.657476 -0.797285 0.112061 1.503591 1.602332 0.016487
9 1.156491 0.374230 -0.574523 0.196421 1.082584 0.760958 -0.098104 -23.716102 17.064881 0.755968 0.430785 1.244085 2.007072 -0.684745
9 -1.201716 0.211645 0.316638 0.319923 0.520189 0.727028 0.596837 -24.710810 21.033365 0.110710 0.492253 0.773018 1.009726 -0.198804
5 0.394986 -0.803348 0.253022 -0.899053 4.271822 0.111912 1.262857 -0.744505 -1.476239 -0.318148 -0.700817 -0.623301 -0.533014 -0.196173
4 -5.682113 -6.863479 -6.105903 83.190940 -7.253577 -6.892300 -6.499505 -6.482154 -7.026488 -6.263511 -6.019021 -6.353476 -5.988582 -5.760831
4 -5.981077 -4.211182 -6.719382 82.719167 -6.652047 -6.700600 -6.325012 -5.982670 -5.605498 -6.721607 -7.894150 -6.149549 -6.702544 -7.073847
4 -6.523452 -7.055831 -5.001383 85.883061 -7.750184 -7.491943 -7.208581 -7.412821 -6.470151 -4.336207 -7.080367 -5.902986 -7.452791 -6.196363
4 -3.877564 -3.174972 -3.288690 46.416074 -3.828171 -3.539580 -3.889126 -3.471000 -4.376670 -3.093885 -3.239190 -3.567463 -3.857885 -3.211878
8 0.169207 -1.716793 -1.526605 2.862615 -1.278091 -1.595067 -1.978662 26.191731 -14.530618 -2.432093 -2.273718 -0.496859 0.076448 -1.471497
1 54.515901 -5.000803 -3.843688 -5.248628 -4.454672 -4.122014 -3.405592 -4.065497 -4.406711 -4.126894 -4.495987 -2.010164 -4.424393 -4.910856
7 -0.447063 -0.895197 -0.943661 -0.648117 -0.589179 0.086037 4.388489 0.209102 -2.690053 -0.029565 1.661665 -0.789699 0.657207 0.030035
8 -0.484610 -0.071891 -0.156636 -0.490703 1.127413 -0.413869 0.335304 2.499866 -0.934912 0.749380 -0.206433 -0.539291 -0.022992 -1.390625
1 57.240012 -4.709922 -4.255911 -4.080967 -4.043198 -5.097837 -4.132220 -5.094822 -5.295477 -4.321085 -4.340594 -4.191457 -3.358430 -4.318089
1 58.189689 -5.686822 -4.099612 -2.490139 -5.086451 -4.324744 -4.344945 -4.852984 -4.575954 -4.567308 -3.818179 -4.301439 -5.067932 -4.973177
3 0.674161 -0.821403 4.019848 0.681963 -0.104009 -0.515112 -0.678933 -1.450685 -2.164638 -0.229511 0.130135 0.057891 0.406366 -0.006074
3 -0.619907 -1.117350 6.807056 -0.405376 -1.251862 1.555548 0.341173 -0.641094 -2.610672 -0.524522 -0.576335 -0.628461 0.310653 -0.638852
1 33.907030 -2.485498 -2.609934 -1.810397 -2.148132 -2.769810 -2.921830 -2.142655 -3.173413 -3.278099 -2.595647 -2.435314 -2.264620 -3.271678
3 -2.702744 -2.450664 33.449847 -3.109905 -2.418918 -2.800191 -2.368568 -1.999913 -2.093357 -2.650051 -2.242596 -2.804425 -3.250924 -2.557591
14 0.003786 -0.870572 0.046548 -0.521520 0.738523 0.906256 0.170265 -0.840647 -2.072696 -0.214713 1.057211 -0.427129 0.583669 1.441020
14 -1.273266 -1.993781 -0.166129 -0.265921 -1.132838 -0.837657 -1.163603 -0.448142 -4.369403 -0.686244 0.730047 -0.880844 -1.143911 13.631693
8 -2.008780 -0.688483 -1.669356 -0.528324 -4.472327 -2.267104 2.396637 35.513780 -17.491737 -0.936739 -2.048808 -1.557312 -2.291759 -1.949689
3 -0.423826 -0.755467 5.740027 2.466903 0.246662 0.524036 -1.640068 -1.331872 -0.492554 -2.055920 -0.986476 -0.080325 -1.173978 -0.037142
6 -5.160031 -3.679713 -3.149082 -3.332861 -4.307244 47.942840 0.858554 -5.273564 -4.517278 -4.516889 -3.831856 -4.445210 -3.221368 -3.366297
12 0.219372 -1.070358 0.706422 0.257705 -0.901406 0.828765 -0.554616 -2.218489 -0.852988 0.758727 -0.117484 1.694733 1.620077 -0.370461
3 -1.258993 -1.642218 22.948509 -2.070731 -1.988005 -1.797247 -2.659555 -1.160779 -2.138345 -1.840391 -1.924032 -1.003332 -1.819628 -1.645250
3 -0.320855 -0.134484 0.539869 -0.025154 0.125651 -0.458241 0.314974 0.316461 0.318212 -0.708370 0.327833 0.403104 -0.028971 -0.670030
11 -1.384683 -1.642714 -1.400845 -0.119015 -0.764652 -1.722975 0.425885 -0.821314 -0.103827 0.162100 7.266109 -0.336122 -0.534841 0.976894
11 -0.951438 -0.594067 -0.156141 -0.216719 -0.935039 -0.355992 0.307901 -0.676114 -1.468270 0.793459 3.046662 0.842673 -0.246967 0.610052
11 -5.479484 -4.574561 -5.155740 -3.531612 -4.437851 -5.420402 -4.135452 -2.438155 -3.912499 -4.227749 56.115361 -4.924738 -4.841897 -3.035221
11 -1.166075 0.113855 0.157085 0.780643 0.247177 0.736320 -0.451443 -0.853958 -3.668639 -0.596023 3.241541 0.292826 0.222042 0.944648
1 60.019388 -4.710801 -2.996746 -4.709665 -4.053357 -4.856527 -4.867416 -5.341092 -6.155290 -4.321410 -4.641710 -4.400748 -4.329504 -4.635121
5 -2.098895 -0.545693 -1.225042 0.291405 10.707336 -0.364765 -0.991018 -1.591473 -2.426610 -0.183464 0.257356 0.092047 -0.780493 -1.140692
4 -6.746222 -5.049745 -6.621618 84.280846 -6.297341 -6.267061 -4.960266 -6.401224 -8.165031 -6.932630 -7.696015 -5.755034 -6.431993 -6.956663
7 -7.750442 -7.188963 -7.356507 -6.777923 -5.306493 -8.474233 93.847674 -7.678630 -8.365330 -6.575511 -8.046484 -7.162967 -6.045129 -7.119060
14 -0.500906 0.164375 0.445194 -0.633136 -0.035190 0.819934 0.471450 0.272176 0.074335 0.051358 -0.823429 -0.126227 -1.186838 1.006903
5 -1.797433 -0.320900 -1.216189 -1.029051 12.219798 0.432215 -0.895578 -0.330399 -2.021184 -1.091459 -1.091567 -0.304722 -1.754153 -0.799378
4 -5.808722 -6.322456 -6.937828 83.065397 -4.937419 -6.488758 -6.578903 -5.424910 -7.346262 -6.724497 -7.407198 -5.551838 -6.488597 -7.048008
6 -3.123477 -2.952869 -3.813095 -4.982123 -4.362350 47.746613 -4.238782 -3.261516 -4.100722 -3.164779 -4.023465 -3.303442 -3.177893 -3.242098
6 -0.673348 -1.112817 -1.182379 0.844214 -0.313268 2.906091 -1.035009 2.162368 -1.503332 -1.377873 -1.347092 2.718956 0.852123 -0.938634
6 -4.346936 -5.915943 -3.169425 -3.474348 -4.315867 51.000143 -3.616642 -3.677142 -4.068124 -3.382492 -3.547663 -3.691218 -3.561903 -4.232439
6 -1.335881 -1.796124 -1.212579 -0.739061 -1.060883 11.744811 0.443347 -1.109139 -1.504376 -0.748581 -1.027956 0.418584 -1.284081 -0.788081
8 0.598345 0.082792 0.489609 -0.104446 -1.045093 -0.196647 -0.651020 1.499400 0.994121 -0.338340 0.681473 -0.689246 -0.958600 -0.362347
13 -1.085003 -0.633162 -0.172109 -0.270162 -0.157399 -0.777636 -0.270631 -1.416858 -0.670170 -0.259473 -0.639572 -0.579982 7.902923 -0.970767
13 0.964598 -0.539742 -0.182737 -0.259332 -0.967146 -0.742099 0.081155 -1.856570 -1.986603 -0.085747 0.218780 -0.821677 5.901929 0.275193
14 0.342330 -0.942597 -0.025964 -0.486865 0.208353 0.633352 -0.437444 -0.911473 -1.490796 -0.504867 0.083766 -0.144885 0.743743 2.933347
9 -1.836890 -0.833464 -0.829750 -1.004388 2.530186 0.138410 0.914526 -24.561285 22.264586 0.217061 -0.582680 -0.569922 2.138492 2.015119
9 1.750567 -0.258972 -0.131327 1.115204 0.259847 0.711043 0.225903 -23.644772 15.149764 0.315477 -0.887158 4.029769 0.867217 0.497438
4 -6.522080 -6.735426 -6.574962 82.333974 -6.915247 -6.616692 -5.913829 -5.637373 -6.753470 -6.375711 -6.382821 -6.194368 -6.058117 -5.653877
14 -0.104803 -0.778632 0.032144 -0.290284 0.554529 -0.071770 -0.468273 1.068777 -0.815363 -0.284926 -0.247615 -0.342026 0.106822 1.641420
4 -5.319927 -4.418502 -5.142358 47.597974 -6.083402 5.089602 -6.940874 19.657455 -21.131721 -5.383216 -4.494889 -5.242086 -3.469599 -4.718458
4 -7.003099 -6.503241 -6.862585 88.991301 -7.160927 -5.673655 -6.250443 -7.053153 -7.890261 -6.504336 -6.787026 -6.951645 -7.182615 -7.168313
3 -2.779529 -2.424912 45.265159 -3.143872 -3.240208 -2.663111 -3.574119 -2.214236 -5.709503 -4.132637 -3.422080 -4.097795 -3.574268 -4.288889
3 2.249177 0.533020 3.636153 1.417115 -1.820951 -0.772462 -0.265072 -0.751706 -1.863902 0.012832 0.522304 -1.336103 -0.922518 -0.637888
12 -0.050209 -0.179662 -0.051580 -0.946460 -1.185025 -0.193656 0.022988 -0.418079 0.276771 -0.507208 0.073503 2.074581 1.240866 -0.156830
12 -0.556736 -0.710783 -0.033861 0.385225 0.082271 1.038122 -1.806568 -0.384836 -1.727771 0.899751 0.754994 1.054963 -0.027138 1.032367
14 0.252025 -0.103409 0.141964 0.296598 0.063710 0.365790 0.293038 -1.434547 -1.329412 0.192748 -0.101790 0.208430 0.507338 0.647516
14 -0.343030 0.967593 0.553250 0.120367 0.677400 0.112995 -0.058759 -0.455384 -5.043879 0.819726 1.087525 -0.314739 0.062344 1.814590
7 -1.494121 1.024182 0.389957 -1.000438 1.388819 0.324438 1.806414 0.563621 -3.066035 -0.262974 0.328089 -0.119119 -1.451418 1.568584
9 1.637543 0.586629 0.486245 0.989819 0.613096 0.812793 0.527365 -24.296138 15.197967 0.410941 0.521988 0.599043 1.312127 0.600583
14 0.699356 -1.144970 -0.256752 -0.432637 -0.497767 1.102747 -0.048354 -0.097073 -0.220041 0.112604 -0.512032 -1.046612 1.022663 1.318867
4 -7.443627 -7.199993 -6.726532 81.656660 -5.992739 -6.160086 -5.428442 -4.168079 -4.208438 -7.614668 -6.851715 -6.216393 -6.525111 -7.120837
4 -6.386244 -6.213548 -5.803708 82.072423 -7.342263 -6.157460 -5.939328 -5.601286 -7.515017 -5.768566 -6.657330 -6.708224 -5.810446 -6.169000
8 0.314112 -0.012541 -0.411004 -0.155367 0.414680 0.678965 0.328736 0.938498 -0.137493 -0.836544 -0.625026 0.108478 -0.422013 -0.183481
12 -0.143168 -0.442858 -1.270322 -0.362110 -0.780937 0.500362 0.158738 0.722592 -0.810656 -0.039488 -0.545466 3.667748 -0.156484 -0.497953
1 16.477626 -0.774651 -0.317270 -0.561238 -3.130512 -0.910820 -1.300278 -1.832875 -1.580673 -1.422992 -1.512045 -0.761744 -1.247076 -1.125451
14 0.760901 0.883138 0.269750 0.094246 -1.025690 -0.779326 -0.583144 0.213125 0.788666 -0.952627 -1.015492 -0.360193 0.500150 1.206496
1 1.568150 0.785295 -0.055935 -0.160720 0.054402 -1.232626 0.315667 -1.923224 -2.308712 0.311315 1.449371 0.783677 -1.025845 1.439186
4 -3.648318 -3.583461 -4.095621 46.961704 -4.767561 -4.592915 -2.450905 -3.292159 -1.870667 -2.945898 -4.622821 -3.226725 -4.225530 -3.639123
5 -2.187301 -1.773338 -1.884438 -1.206470 22.742088 -1.625268 -1.201214 -3.157437 -1.646842 -1.845373 -1.566950 -1.009482 -1.332882 -2.305092
4 -6.788743 -6.754263 -5.289044 84.975639 -6.732057 -6.311826 -7.405428 -6.393885 -7.249797 -5.882074 -6.607429 -6.007446 -6.786276 -6.767373
14 0.290418 -0.721148 -0.750606 -0.278182 -0.279835 0.011645 0.202470 -1.851955 -1.086996 -0.771146 -0.433588 -0.782297 0.259001 6.192217
5 -0.077746 0.664052 0.377236 0.307166 0.672443 -0.157389 -0.243098 -0.079495 0.094721 0.465088 -0.654364 -0.436815 -0.358409 -0.573390
8 -0.031550 -0.095880 -0.023343 -0.478683 -0.135626 0.084316 0.149800 0.314299 -0.013833 0.148347 0.201678 -0.044097 0.174633 -0.250062
4 -6.009292 -6.892401 -7.067619 81.770426 -7.903188 -4.930383 -4.892055 -4.815606 -7.245383 -6.339222 -6.820375 -5.165165 -6.603020 -7.086718
10 0.322102 -0.767529 0.396376 0.102441 0.583642 -0.591357 -0.784765 -1.618157 -2.656985 4.480765 -0.896781 0.786388 0.069060 0.574799
14 0.243201 -0.211372 -0.459627 -0.991277 -0.575195 0.631103 -0.028806 -1.526485 -1.405626 1.310706 -0.101832 -1.101316 0.163014 4.053513
6 -3.867551 -2.591551 -2.382939 -2.146325 -3.474998 35.698686 -3.207383 -3.561941 -2.289950 -1.843358 -1.993980 -2.508685 -2.073598 -3.756424
6 -0.185739 -0.024305 -0.421230 -0.448580 0.706175 1.413516 -0.504887 -1.691144 -0.989433 0.269057 0.155774 0.816625 0.654900 0.249270
11 -0.828759 0.446644 0.027330 0.434547 0.552179 -0.160354 0.423662 -0.152990 -1.655690 0.253318 0.952677 0.036744 -0.637638 0.308330
4 -7.089578 -6.793262 -6.583002 84.380214 -7.995063 -2.351757 -6.275726 -7.435640 -7.952380 -6.643751 -6.868254 -6.157871 -5.369196 -6.864733
10 1.553375 -1.684117 -1.062868 -1.133637 -1.057296 -3.597047 -2.883304 -0.035490 -2.471778 19.018379 -1.534046 -2.578100 0.076754 -2.610826
8 -0.448186 0.214597 -1.365229 -1.623135 -4.066409 -0.945488 -2.341186 34.713826 -17.310545 0.412315 -2.197716 -1.693864 -1.921223 -1.427757
8 -1.757801 -2.153920 -0.680480 -1.550740 -1.688181 -0.920756 -1.469267 33.585889 -16.077627 -0.664077 -1.464709 -1.816567 -1.362447 -1.979320
1 56.094354 -4.950169 -5.430004 -3.701514 -3.447797 -4.768238 -4.049822 -4.158225 -3.689692 -5.005880 -4.874442 -4.428040 -3.670860 -3.919669
4 -2.247409 -1.123439 -2.516367 47.485111 -2.756077 -2.559880 -3.747192 -27.637863 9.026252 -2.391393 -2.242406 -3.585049 -3.131389 -2.572899
5 -2.097354 -0.689470 -1.323609 -2.727788 17.580458 -3.261435 -2.179651 0.745471 -2.407007 -2.597154 -2.409768 -2.323971 5.335721 -1.644442
11 -4.151627 -4.021899 -3.527399 -3.460413 -2.944702 -3.473289 -2.088796 -5.589588 -4.825907 -2.945182 48.212913 -3.902872 -4.004993 -3.276246
14 -0.404551 0.463938 1.442733 0.586082 0.431016 -0.085653 -0.025489 -0.985334 -3.117373 -0.299971 0.673714 0.066243 -0.406870 1.661515
9 0.230215 0.443569 0.375847 1.138920 1.007182 0.521264 0.349423 -25.052294 16.206077 1.439333 0.145953 1.551012 0.754329 0.889172
8 -0.928256 -2.422857 -2.155745 -1.375097 1.777809 0.855302 -1.636635 27.087581 -15.116037 -1.458553 -1.827433 -1.238473 -1.124911 -0.436694
5 1.166501 0.710773 -0.291731 -0.112243 1.607608 -0.180279 -0.638066 1.235016 -1.095350 -1.251669 -1.435516 0.106297 0.665347 -0.486686
5 0.071204 -1.817317 -0.914507 3.363997 4.554520 0.197317 -1.488722 0.464909 -2.086679 -1.265912 -0.147479 -0.163165 -0.434526 -0.333638
7 0.611354 -0.185253 0.243120 -0.792751 0.177651 -0.446576 1.157764 -0.665778 -1.764315 0.583548 0.228732 0.074499 0.470744 0.307262
4 -6.649164 -6.929994 -6.538001 82.669760 -7.263168 -6.394637 -5.699139 -4.972327 -6.906544 -6.395147 -6.517884 -5.776323 -6.239147 -6.388284
7 -1.046231 0.428742 -0.271797 0.335173 0.429168 0.680067 1.539425 0.116767 -1.610121 -0.111138 0.342566 0.573776 -1.148873 -0.257524
13 -0.531142 -0.987892 -0.292588 -0.584328 0.169492 -0.271844 -0.655913 -1.160443 -0.652778 -1.259644 -0.935513 -0.219099 7.626493 -0.244802
1 18.347595 -1.031006 -0.892957 -0.043064 -0.378481 -0.912367 0.411487 -26.876507 13.697100 -0.014362 -0.942749 -0.391986 -1.298577 0.325873
6 -1.189497 -1.140374 -2.112205 -2.165027 -0.578672 27.086605 -2.487179 -2.033845 -5.479814 -2.029592 -2.617350 -1.937442 -1.946908 -1.368698
3 -0.452085 -0.418653 4.205191 -0.715438 -0.385937 -0.765452 -0.531725 -0.507752 -0.037927 -0.372120 -0.335212 1.398110 -0.502447 -0.578554
8 -0.985080 6.970412 -3.636267 -1.682187 5.399509 -2.525792 -1.955458 27.009026 -16.971096 -3.026670 -2.990387 -2.184010 -1.472128 -1.949872
8 -1.774339 -2.009887 -1.037342 -0.667606 -1.239111 -0.671731 -3.146822 35.313276 -17.075105 -2.373155 -1.808333 -1.086916 -1.835305 -0.587624
5 -0.408895 0.083412 -0.289273 -0.339473 0.635743 -0.319839 -0.067489 -0.088538 0.130490 0.363493 0.287699 -0.227638 -0.177894 0.418201
1 0.860956 -0.129393 -0.433770 -0.397099 -0.721385 -0.486329 -0.696300 0.592477 0.635261 0.546605 0.723993 -0.122820 -0.178275 -0.193919
6 1.419576 -2.907956 -2.238373 -1.048686 -1.195989 23.351813 -2.837415 -2.587201 -1.715302 -2.889394 -1.810807 -1.163063 -2.384779 -1.992426
9 1.026161 0.420740 0.704296 2.644799 0.583125 0.300131 -0.709733 -23.745405 14.998619 0.189848 0.001503 0.635960 2.207260 0.742696
9 -0.091432 -0.253789 7.393392 0.810288 -0.092256 0.915706 1.545009 -25.130269 14.258509 0.988723 0.775152 -0.511205 -0.124827 -0.482998
9 1.242430 0.466233 0.917972 0.557223 0.487872 -0.092290 1.684091 -25.087700 16.354129 0.310795 0.448371 1.982456 0.403191 0.325227
14 2.153156 -0.592548 -1.210479 -0.562354 -0.699638 0.016481 -1.053953 -1.625488 -0.003871 0.110883 -0.903626 1.346226 -0.847814 3.873025
6 0.568969 1.491545 -0.270048 -0.398612 -0.366660 1.889380 -1.228890 -0.061445 -1.643999 -0.606627 -0.369601 0.165571 0.179691 0.650725
11 -1.329278 -2.223652 -1.561998 -1.668367 -1.692058 -1.626898 -1.916640 -2.606713 -2.375992 -1.181736 22.377015 -1.316632 -1.348062 -1.528991
13 0.311220 0.456510 0.326043 -0.053037 -0.262099 0.097033 -0.092331 -1.571665 -1.151543 0.708492 -0.311024 -0.102082 1.266908 0.377575
14 0.063414 0.153769 -0.459348 -0.017239 -0.477048 0.458759 -0.172971 -1.028128 -0.101762 -0.503972 -0.016251 0.443705 0.155240 1.501832
1 91.742925 -7.252209 -6.795256 -6.551897 -6.835561 -7.022789 -9.204622 -6.976450 -6.844150 -7.119109 -6.997835 -6.129681 -6.663658 -7.349704
7 -2.294050 -2.245658 -2.073632 -2.330689 -2.137410 -2.745447 39.840193 -27.647902 12.846130 -2.739414 -2.444812 -0.654501 -2.627886 -2.744920
9 -0.404870 0.915136 0.842504 0.928658 1.556056 -0.067366 -0.005558 -24.615680 15.706304 0.455668 1.693758 1.329654 0.605909 1.059826
13 -0.374667 -0.674004 0.819164 -1.348834 0.278212 0.230461 1.080572 -0.351647 -1.334103 -1.095650 -0.048371 0.663367 1.132947 1.022554
1 55.518018 -4.527644 -4.462719 -4.658345 -4.608581 -4.417640 -4.076709 -5.092407 -4.037389 -4.094750 -3.315204 -3.999828 -3.655989 -4.570811
1 32.799104 -2.500680 -2.113613 -2.681214 -2.123957 -2.672789 -2.754107 -1.314146 -2.880686 -2.524091 -2.298278 -3.616968 -3.040078 -2.278495
2 -0.809896 3.792432 -0.187965 0.052940 -0.132762 -0.034024 0.739118 -2.005480 -2.705169 0.385040 0.278248 0.071391 -0.163907 0.720033
6 -1.946686 -0.546826 -0.892688 -1.827105 -1.591533 18.186238 -2.095744 -2.600313 -2.963802 -1.087743 -0.931144 -1.961810 1.390941 -1.131784
5 -1.156137 -0.941341 -0.435275 -0.838705 10.869720 -1.745247 0.028002 -1.181050 -3.282138 1.559454 -1.195963 -1.075612 -1.297724 0.692016
6 -0.369651 -1.167132 -1.265174 -1.330013 -2.045350 15.634748 -1.769532 -2.046720 -2.886080 0.135078 -1.787705 -1.235901 -1.742820 1.876253
3 0.281727 -0.745827 1.518125 0.501134 0.083886 -0.068587 -0.845176 -1.929906 -0.673396 0.047586 0.039005 1.509040 -0.151915 0.434305
2 1.839911 2.347145 -0.152866 0.272391 -1.095735 1.315098 -1.986417 -0.160191 -1.593699 0.183298 -1.527925 0.254567 -0.903186 1.207610
3 -1.445032 -1.317051 22.733128 -2.010499 -1.676529 -1.817734 -2.767765 -0.978025 -2.278721 -1.879286 -1.797933 -1.034231 -2.083204 -1.647116
10 0.243415 1.590387 0.368001 -0.013985 -0.575157 0.676464 0.480252 -2.394033 -2.117153 1.934625 0.405159 0.024370 -0.667177 0.044830
6 0.196074 -0.189471 0.282456 0.139382 -0.168414 0.455988 -0.080063 -0.126764 -0.076524 -0.159969 -0.085682 -0.070949 -0.008997 -0.107068
3 -1.974752 -0.218693 3.508348 0.498006 0.271672 -1.317423 -0.095191 1.088039 -2.244244 0.723063 1.034514 -1.153403 -1.519206 1.399271
10 -1.535414 0.136217 -1.066694 0.067828 -0.667474 -0.274395 -1.702986 -2.963556 -2.521470 14.918671 -1.382771 -0.082338 -1.815230 -1.110389
10 -1.097999 -0.765226 0.465139 0.957197 1.204741 -0.042479 -1.105399 -2.013652 -2.873469 3.178119 -0.005647 1.647394 -0.989309 1.440590
7 -7.070215 -6.477970 -6.598817 -6.905696 -7.114655 -7.057675 91.769459 -7.098680 -6.927161 -6.872249 -8.640416 -6.921985 -6.794518 -7.289420
12 -1.112447 -0.781923 -0.425834 1.278725 -0.325807 -0.127283 0.192002 -0.190313 -3.049327 0.094499 1.819404 2.237155 0.406627 -0.015477
12 -0.873228 -0.635123 0.533325 0.647904 -0.796163 0.039943 0.274556 -2.557827 -4.101259 -0.181741 -0.048468 7.895444 -0.893784 0.696420
11 -0.706557 0.512380 0.128739 0.508272 0.251094 -0.059336 0.046899 -0.152990 -1.655690 0.338326 0.598764 0.251343 -0.565222 0.503979
11 -4.314268 -3.692060 -4.284109 -2.560585 -2.020434 -4.553646 -3.294094 -2.468554 -2.053887 -4.503824 43.625263 -2.965906 -3.049149 -3.864746
11 -5.505849 -4.059603 -3.549018 -3.741196 -3.557529 -3.428003 -4.426773 -6.145284 -4.160468 -3.516226 52.575096 -3.704877 -3.614441 -3.165828
8 -0.284504 0.972724 -0.079722 -0.274347 0.394411 0.657753 -0.162943 1.674583 -2.514316 0.157453 0.648066 -0.340759 -0.167825 -0.680574
3 -1.266620 -1.346703 21.069944 -1.943881 -1.395186 -1.679661 -2.426692 -0.727512 -2.123959 -1.712676 -1.834129 -0.920756 -1.938933 -1.753234
11 0.610653 0.278595 -0.067796 0.017412 -0.926537 0.011056 0.170250 -1.532007 -1.550800 0.230717 1.059406 0.019954 0.725301 0.953796
14 -1.063387 -0.874133 0.728772 -0.228179 1.166826 0.250221 0.886335 -1.665347 -2.018916 -0.278106 0.306660 0.955850 0.431239 1.402166
11 -1.566045 0.403669 0.164611 0.461540 0.509297 -0.831307 -0.618839 0.900548 -2.118211 0.348263 3.585223 -0.613282 -1.040189 0.414722
7 -0.089926 0.951362 -0.811770 -0.238349 0.088399 -0.167293 1.633820 0.782027 -2.944287 -0.465802 1.535702 -0.899940 0.182236 0.443822
2 0.092484 0.512380 0.126603 0.427119 0.222441 -0.095371 -0.053112 -0.152990 -1.655690 0.296918 0.511992 0.195482 -0.912993 0.484737
10 0.721565 -0.433918 0.557475 -0.971687 -0.804001 -0.791122 -0.904919 -2.091595 -0.485970 3.662166 1.835244 0.185462 -0.444511 -0.034190
11 -7.347177 16.608243 -6.522322 -5.160479 -2.927140 -4.974134 -0.925304 -3.129122 -8.350990 -4.873114 42.103442 -5.606883 -4.784095 -4.110925
10 -0.293907 -0.874348 -0.654314 -0.529426 -0.141119 -0.657911 -0.096195 -2.644090 -1.445759 9.054565 -0.508151 -0.340624 -0.204954 -0.663769
11 -3.789408 -4.336577 -4.269747 -3.747337 -3.763470 -4.518713 -2.454878 -2.920986 -7.123906 -3.410364 49.475493 -4.182158 -2.690217 -2.267731
11 -1.626314 0.087891 -1.771181 -1.159894 -0.916463 -0.600865 -2.072832 -1.180996 -3.281607 -1.233542 16.038313 -0.412199 -0.996372 -0.873938
6 -0.031877 -1.591976 -2.071096 0.209084 -1.688796 19.634346 -2.237598 -1.485435 -1.556399 -2.819886 -1.603594 -1.255769 -1.715690 -1.785314
13 0.120516 -0.561931 -1.040780 -0.571556 -0.286926 -0.978853 -0.188830 -1.097894 -1.703739 -0.643192 -0.596856 0.895470 7.113990 -0.459419
8 -1.173869 8.328182 -3.176410 -1.635323 4.815168 -1.825771 -2.549586 26.152990 -17.322227 -2.967167 -2.278047 -2.642130 -1.751729 -1.974080
2 -0.725584 4.149753 -0.589141 -0.330650 -0.689708 -0.349758 0.494095 0.139419 0.111013 -0.515329 -0.737970 -0.770838 -0.403686 0.218384
14 0.418303 0.701999 -0.229479 -0.313216 0.644968 0.143498 0.304360 -0.960379 -2.601585 0.576920 0.724833 0.224761 -0.498673 0.863690
14 -0.710336 0.279619 -0.746109 -0.280307 0.264260 -1.385401 -1.098357 -2.049337 -3.575161 -1.698475 5.053248 -1.112278 -0.777881 7.836514
14 -0.235348 -0.500006 -0.093657 0.295162 0.435269 0.963885 0.228417 -0.813540 -3.171832 -0.124552 0.860067 0.478110 0.311626 1.366399
8 -2.961137 2.247228 -0.426303 0.710815 -0.228332 0.775047 0.029471 2.757979 -3.109287 0.897334 -0.120520 -0.032065 -1.102897 0.562669
5 -0.238084 -0.544978 -0.703618 -0.604164 7.875651 -1.016556 -1.559996 0.277133 0.524258 0.747198 -0.309542 -0.637443 -2.467795 -1.342062
9 3.616393 1.349441 -0.179782 -0.470728 0.294406 0.261694 -0.026167 -23.830423 16.460895 0.065950 0.726700 0.879209 0.644727 0.207685
13 -0.341501 0.549924 0.080983 0.430257 0.614162 -0.311936 -0.033145 -1.914267 -3.559665 0.770477 0.460298 0.458034 1.703917 1.092461
13 -0.442214 0.686237 0.201397 0.157500 1.323716 -1.091759 0.289851 -1.577562 -1.903120 -0.454798 0.069860 -0.543235 3.395355 -0.111227
2 -1.102938 13.106641 -1.279661 -0.781044 -0.626199 -0.937068 -0.741259 -0.758601 -2.372534 -1.636471 -0.709453 -0.700051 -0.882055 -0.579305
13 -0.567853 -0.084522 -0.416127 0.181772 -0.609709 0.063956 -0.823840 -1.457385 -1.494622 0.105492 -0.729708 -0.363833 6.531684 -0.335303
14 0.432848 -1.390231 -0.415945 -2.146260 -0.201810 -0.906763 -1.655896 -1.136287 -1.730206 -2.120668 -3.602690 -0.992810 -0.294499 16.161218
1 0.794535 -0.961775 -0.370384 0.127308 -0.951620 0.154173 0.664923 -0.048306 0.085524 -0.641548 0.305038 0.158334 0.731440 -0.047641
3 -1.629559 0.697699 8.939464 -0.529014 -1.194739 -0.230061 -0.155259 -1.514485 -3.020089 0.357959 -0.073947 -0.804866 -0.439087 -0.404016
12 -1.336448 0.088066 -0.010708 0.986686 0.113083 0.166216 0.160543 -1.238063 -2.911370 -0.079079 -0.090109 3.902060 0.809488 -0.560364
6 0.697588 -2.102916 0.711839 -1.189610 -1.657618 15.033139 -0.034713 -1.963542 -3.650790 -1.875607 -0.496910 -0.832598 -1.309704 -1.328557
6 0.176336 -0.221573 -0.226507 0.024472 -0.912232 1.929366 -0.854742 1.210458 -0.818735 -0.578735 -0.138325 -0.534652 0.948006 -0.003137
3 -1.056052 -0.575076 3.638955 -0.719753 0.394517 0.027364 0.164573 -0.889358 -1.640931 -0.694690 0.398287 1.517036 -0.071993 -0.492879
1 12.016646 -1.144609 -1.093823 -1.257932 -1.016715 -0.296078 -1.135682 -0.618444 -0.559505 -1.821716 -1.456339 -0.554374 -0.750027 -0.311403
2 -0.105095 1.876248 0.360258 0.182250 -0.328232 -0.085328 -0.223689 -0.160292 -0.037610 -0.481802 -0.604881 -0.186173 -0.356168 0.150514
2 1.423525 1.593656 -0.497554 -0.376928 0.135621 0.483153 1.212160 -1.677351 -1.692063 -0.474639 -0.570952 0.238915 0.626026 -0.423570
6 -0.373606 0.159357 -0.852422 0.092045 1.820145 1.946138 0.132540 -0.431686 -1.856122 -0.684107 0.556913 -1.018911 -0.022319 0.532035
9 0.339191 0.079768 1.954688 0.644639 0.761228 7.746888 -1.637412 -24.584021 15.007446 -0.185268 -0.287104 0.400993 0.268473 -0.509508
3 -0.839345 -0.351914 9.067122 0.132082 -0.339470 0.442627 -0.226572 -2.610486 -4.066782 -0.492312 -0.123563 -0.143776 -1.089492 0.641882
6 0.395948 -0.867430 -0.926159 0.913380 0.411655 6.732119 -2.070987 -0.220130 -2.510633 -0.180408 0.267440 0.001099 -2.250066 0.304173
1 54.506159 -4.646219 -4.446534 -4.023589 -3.941836 -4.404797 -2.762883 -5.241806 -2.646052 -4.149149 -4.377486 -4.504812 -4.936347 -4.424647
14 -2.043212 0.320787 -0.864862 -0.303749 -0.234221 -1.669695 0.837118 -0.368762 -1.792546 0.688611 -0.272132 0.238669 0.677004 4.786990
10 -1.232234 0.511304 -0.133574 -0.100522 0.928767 -0.533995 -0.082023 -0.346526 -1.587710 2.337999 0.746915 -0.205594 -0.099458 -0.203351
7 -0.942657 -0.022880 -0.277025 0.468844 -0.162037 0.947276 1.063449 0.143103 -1.816993 0.646308 0.886057 -0.104887 -0.641777 -0.186780
12 4.527720 -1.031877 -0.768258 -0.809209 -1.370754 -0.179734 -1.106766 -2.952041 -3.351200 -1.412210 -1.740598 12.801275 -1.132540 -1.473808
1 16.624155 -2.914614 -1.673167 -2.132600 -0.118544 -2.218911 0.709982 -2.727445 -0.447569 -2.435781 0.688106 -2.683959 -2.387644 1.717993
9 -0.017304 -0.278063 -0.237024 -0.557881 -0.509539 -1.144742 -0.326868 0.130720 2.567754 -0.409975 -0.281676 -0.037408 0.820490 0.281517
13 0.646310 -1.241281 -1.408347 -0.759849 -1.250365 0.374854 3.476459 -1.408062 -0.740254 -0.493831 0.398476 -1.089684 4.298361 -0.802788
14 -1.148359 0.103061 -0.250399 -0.437306 0.264491 -0.271165 -0.695300 -0.041300 -2.560501 0.110507 0.136103 2.024327 -1.263082 4.028922
9 -1.165671 -0.381844 -0.125245 -0.308025 -1.307617 -1.159024 -0.252819 0.477982 6.352894 -0.629690 -0.593016 -0.587356 -0.606324 0.285753
3 -2.935837 -2.257721 31.330241 -2.950709 -2.331844 -2.623142 -2.233683 -1.755316 -2.123676 -2.482694 -2.052170 -2.514322 -2.911129 -2.157996
7 -6.412341 -5.438293 -5.463187 -7.277206 -6.935691 -6.244004 78.767031 -5.876102 -5.715204 -6.684432 -7.431116 -6.156511 -3.952533 -5.180409
11 -1.237957 -1.168951 -0.465376 -0.291348 -0.650058 -1.340270 1.276315 -0.777660 -4.611588 -0.680634 8.757368 -0.265830 0.961817 0.494170
8 -0.818215 -0.090692 0.118683 -2.461674 -3.475186 -3.075221 -2.190314 34.199990 -17.131604 1.124948 -2.209259 -1.679762 -1.210388 -1.101305
9 -0.505160 0.222845 0.283152 -0.158658 -0.233571 -0.946520 1.961159 -25.342985 23.227879 -0.272500 0.368843 -0.126436 0.387613 1.134340
7 -0.253471 -0.553003 -0.715757 0.567248 -0.562939 -0.516825 2.511846 -1.462821 0.329020 -0.532808 -0.812010 1.975919 0.233962 -0.208360
6 -2.919549 -2.840791 -1.920566 -1.906734 -2.518726 30.639068 -2.493792 -3.443812 -2.669111 -1.846363 -2.548039 -2.887612 -0.569055 -2.074918
1 16.491798 -1.327741 0.212235 -0.920043 -1.206745 -1.078800 -1.930794 -1.444134 -2.365462 -2.605768 -2.626336 2.408529 -2.364224 -1.242514
9 1.714992 0.699101 0.555934 1.118273 0.394750 0.542293 0.480527 -25.000718 16.416010 0.779137 0.448134 0.483094 0.704580 0.663893
9 -0.960879 0.788951 0.233839 -0.858762 0.534437 -0.110605 -0.221655 -24.138247 25.508629 0.974318 -0.429282 -0.304607 -0.913738 -0.102397
13 0.572276 0.458288 0.396810 0.381035 0.278328 0.191471 -0.573310 -1.139234 -0.215523 -0.616792 -1.156509 -0.213151 0.864241 0.772070
5 -0.492678 -2.004530 -1.110505 -1.063153 6.492097 -0.287006 -1.109866 2.187358 0.065799 -0.830118 -1.390037 -0.775102 0.961226 -0.643483
6 -0.862149 0.524414 0.034435 0.662086 0.587182 0.791369 -0.229837 -0.256805 -1.936389 0.228439 0.716625 0.084348 -0.863058 0.519340
1 39.143211 -3.486162 -3.503929 -3.306826 -0.090149 -4.912048 -2.685814 -2.531403 -3.867540 -2.842952 -2.814774 -3.770043 -2.305472 -3.026098
1 3.732046 -0.096053 -0.714908 -1.195920 -0.605454 1.355876 -0.899716 -1.539060 1.410559 -1.337590 -1.246722 -0.557441 1.530761 0.163622
12 -0.067040 -0.858965 0.228432 -0.079007 -0.336737 1.294116 0.817328 -2.376474 -1.418694 -0.810849 -0.726992 5.962859 -0.297536 -1.330440
1 2.903242 0.493329 0.493329 -0.829819 -1.314116 2.294605 -0.202668 -3.383680 -1.057850 -0.638544 -0.371460 -0.300623 1.663277 0.250979
1 65.749260 -5.216142 -4.912354 -4.552131 -4.867894 -4.646649 -4.771076 -5.712389 -5.603068 -5.040598 -4.784561 -5.064909 -5.294405 -5.283080
1 30.333634 -2.377452 -1.540186 -2.201018 -2.067185 -2.453385 -2.102201 -2.899692 -3.261048 -2.324868 -2.030287 -2.348489 -2.201815 -2.526007
1 36.618002 -2.894853 -1.900718 -2.820246 -2.103881 -3.339585 -2.530139 -3.511441 -3.894726 -2.625852 -2.689095 -2.870482 -2.341001 -3.095981
1 59.743706 -5.087387 -5.242807 -5.136417 -4.868033 -4.054997 -4.119460 -4.409255 -4.588590 -4.747194 -5.025937 -4.820919 -2.634411 -5.008296
1 60.043834 -4.213698 -5.207844 -4.813047 -5.090025 -4.303078 -4.506059 -5.104918 -3.641079 -4.308937 -4.658122 -4.187965 -5.195186 -4.813874
1 55.400690 -5.781887 -4.391079 -4.016916 -4.511655 -4.200108 -3.789897 -4.160761 -3.953691 -4.762318 -4.265321 -3.498379 -3.233234 -4.835442
1 57.902690 -4.656635 -4.148177 -4.454941 -4.437331 -4.690033 -4.435250 -3.625956 -3.486423 -4.580861 -4.668968 -4.918490 -4.836300 -4.963325
1 56.669902 -5.531052 -4.208993 -3.650830 -5.031381 -4.639634 -4.796732 -4.687452 -1.413744 -4.239845 -4.600671 -4.564783 -4.732525 -4.572260
1 58.173636 -4.726987 -4.521670 -4.878854 -4.307718 -4.580203 -4.065467 -4.919604 -4.586927 -4.442481 -4.339584 -4.615955 -4.345520 -3.842665
1 28.710846 -2.358875 -2.597000 -2.436638 -2.858916 -2.562125 -2.511189 -2.481614 -1.774595 -3.004750 -1.475810 -2.340557 -0.288511 -2.020264
1 21.713905 -2.178448 -1.937981 -1.551502 -1.446277 -1.613367 -0.988867 -1.024197 -3.463000 -1.946411 -1.535795 -1.320223 -1.097076 -1.610759
1 1.763448 0.093173 -0.018701 0.726470 0.915217 0.076263 -0.057614 -0.924323 -3.219410 -0.461679 0.300748 0.140805 -0.050392 0.715997
1 37.395431 -2.928719 -2.316702 -2.949959 -2.921705 -3.559180 -3.077473 -1.923096 -2.842181 -3.654780 -3.280055 -3.736577 -1.725692 -2.479311
13 0.822847 -0.096907 0.014239 -0.517778 -0.376683 -0.282193 -0.339824 -1.459286 -1.156899 -0.382655 0.308969 0.356105 2.412874 0.697193
1 57.816234 -5.268380 -4.210154 -4.079125 -5.093853 -3.840790 -4.860055 -3.622308 -3.312748 -5.395110 -4.692672 -3.828609 -4.828678 -4.783751
1 22.731322 -2.093531 -2.301885 -1.867154 -1.698544 -1.589088 -1.543993 -1.487958 -2.149909 -2.289862 -1.677537 -0.973870 -1.053866 -2.004124
1 32.609572 -2.535464 -1.895671 -1.851445 -2.186126 -3.220395 -1.819494 -2.682070 -5.415086 -2.265977 -1.275498 -2.010151 -2.615975 -2.836218
1 54.481761 -3.707976 -4.065008 -4.754294 -4.600195 -3.491154 -3.230221 -5.369258 -5.538404 -4.639888 -3.783800 -4.337472 -2.285438 -4.678651
1 5.456360 -0.537251 -0.110968 -0.738110 0.593589 -0.267720 -2.013340 -0.608270 0.187175 0.486567 -0.684943 -1.193574 -0.352553 -0.216961
5 -0.126920 -0.751476 0.387406 -0.203848 1.216492 0.669235 0.542071 -1.544011 -1.112439 0.333265 -0.034429 0.232824 0.073965 0.317867
10 -1.187339 0.465988 -0.420316 -0.438043 -0.842344 0.236539 2.910881 -1.821371 -3.696657 6.766416 0.342383 -0.514913 -1.902196 0.100973
13 -0.090296 -0.954981 0.881352 0.175320 -0.465115 -0.278244 -0.969573 0.108681 0.663919 0.801978 -0.229098 0.056015 1.206002 -0.905959
7 -0.047350 -0.195793 -0.084623 -0.118157 -0.273919 -0.463294 1.839032 -0.400526 0.261345 -0.540908 -0.394221 0.460366 -0.601244 0.559290
10 -0.012043 -0.450315 0.590651 -0.508972 -0.480398 -0.221935 -0.164095 -1.439284 -2.589073 2.026823 0.092052 1.401623 0.054063 1.700902
10 0.125940 -0.937909 0.438161 0.007709 -0.032208 -0.309856 0.264741 -0.540628 -1.779074 2.862976 -0.095937 0.216913 0.226726 -0.447554
10 0.095304 -0.307497 0.084830 0.015699 -0.064080 0.446879 0.571248 -1.307783 -0.929891 0.654971 0.118851 0.016971 0.497700 0.106797
10 -3.096525 -1.946757 -1.547582 -1.998293 -3.355971 -3.403171 -3.552513 -2.644684 -1.865657 36.020478 -3.166268 -3.211198 -2.877061 -3.354798
11 1.402317 -0.007845 -1.392561 -0.420840 -0.534666 1.676445 0.318392 -0.569916 -1.909541 -2.682276 4.031406 -2.203236 0.667859 1.624462
6 -1.358727 -0.507272 0.348317 -0.435643 0.315714 4.871987 0.258646 -1.739931 -2.426785 1.331585 0.143691 0.009702 -1.069066 0.257781
10 -1.342507 -1.375460 -1.521115 -1.218609 -0.719038 -1.336395 -0.490222 -2.260829 -2.089026 17.030684 -1.589464 -0.477597 -0.553740 -2.056682
8 0.384843 -1.261581 -0.217230 0.053331 0.175647 -0.194737 -0.458042 1.217515 -1.761784 0.791336 0.471147 0.495772 0.561724 -0.257941
8 0.160137 -0.608844 -0.141891 -0.478492 0.093294 0.821784 0.765184 0.842656 -2.062456 0.379450 0.143779 -0.370991 0.558047 -0.101657
10 -0.611588 0.466053 0.327247 -0.159673 -0.189362 -0.529690 -1.007599 -0.661732 -3.046091 5.867721 -0.287038 0.086014 0.084544 -0.338806
11 0.188560 0.683977 -1.105680 -0.191811 0.434654 0.040480 1.309046 -0.626358 -2.358263 -0.599097 1.733947 -0.794019 0.542750 0.741813
10 0.033689 -1.178456 -1.137341 -2.976993 -2.435260 -2.718704 -0.685876 -0.755193 -2.303671 20.621570 -2.204676 -1.887678 -0.731499 -1.639913
10 -0.547514 0.272488 -0.669602 0.348263 0.828501 0.168519 -0.029776 -1.552006 -3.162274 4.866634 0.236140 -0.703031 -0.812852 0.756511
4 -0.849247 0.201211 0.741079 3.400316 0.422523 -0.160013 -0.418202 -2.066448 -2.992133 2.664311 0.289345 -0.726978 -0.881847 0.376082
4 0.078482 1.388491 -0.765580 1.726194 -0.656253 -0.696191 -0.162069 -0.353584 -0.507705 -0.713864 -0.018909 -0.604204 1.526305 -0.241112
2 -0.844050 9.177913 -0.547147 -0.401229 0.087844 -0.764629 -0.583898 -0.988941 -1.558177 -0.478908 0.037484 -1.068975 -1.727945 -0.339341
7 -0.427387 0.785364 -0.325599 -0.141037 0.067996 0.512257 1.563402 -1.048970 -1.895939 0.003890 0.072722 0.382375 0.651783 -0.200857
2 -1.562185 12.387977 -0.469746 -2.158504 2.076218 -2.361677 -1.155342 1.282639 -2.234236 -1.060408 -1.842149 -1.215656 -1.276224 -0.410705
2 -0.529673 2.722220 -1.021704 -0.959243 -1.055543 -0.324282 -0.426597 -0.164218 -0.359924 -0.128715 0.053208 1.312468 -0.245669 1.127672
1 0.391560 0.296112 0.155797 0.046855 0.016057 0.387966 0.303604 -1.307783 -1.329412 -0.074482 0.171262 0.264258 0.369277 0.308929
2 -1.889308 24.001286 -1.414434 -1.493592 -1.048286 -1.348457 -1.338063 -2.409969 -2.029364 -1.968678 -2.563688 -1.863362 -2.381882 -2.252203
2 -1.119058 16.626044 -0.681025 -0.529101 -5.599300 -2.874134 -1.097647 1.652472 -2.491742 -1.431284 -1.098463 -0.188304 -0.958431 -0.210027
2 -0.172642 3.770400 -0.272309 -0.246351 0.529681 -0.702032 -0.319575 -1.006999 -3.512699 -0.391219 1.610750 -0.492983 0.566385 0.639593
14 -1.042996 0.963146 0.974649 0.061262 0.482241 -0.301394 1.401430 -1.248298 -4.048826 0.699311 0.750859 0.639055 -0.879286 1.548849
2 -1.517432 19.383600 -1.118659 -1.575648 -0.959376 -0.495910 -1.697131 -2.867483 -2.262674 -1.302857 -1.579088 -1.250066 -1.565283 -1.191996
2 -0.214791 11.376856 -1.551520 -1.341808 0.023273 0.310194 -1.234755 0.409806 -2.277161 -1.563497 -0.452329 -1.095989 -1.637173 -0.751106
2 -0.724583 12.872591 -1.084525 -1.571773 2.920109 -2.725757 -0.661102 2.269747 -1.471066 -2.616194 -2.489613 -1.597330 -1.317221 -1.803283
9 0.709224 1.364087 0.739807 0.945582 0.272977 1.700032 0.540276 -25.107685 15.029292 0.416851 0.691952 1.091296 0.656590 0.949718
2 0.791413 5.141583 -1.667030 -0.614150 1.815600 -1.390530 -1.088174 -0.587069 1.435514 -1.580528 -1.767941 -0.140867 0.676230 -1.024051
2 0.040354 4.276902 -0.444582 -1.301870 -1.060426 -0.354876 1.453285 -0.775694 -1.565561 0.262660 0.267917 -0.611705 -0.632414 0.446010
2 -0.959237 19.183722 -1.445823 -1.536741 -1.569285 -1.512400 -1.560770 -2.613180 -1.095563 -1.303371 -1.398880 -1.191592 -1.694846 -1.302035
2 0.928005 2.439979 -0.928125 -0.671183 1.677979 0.444055 -0.693294 -1.293384 -1.552751 -0.646972 -0.332300 0.872066 0.139831 -0.383906
2 -1.223952 6.694400 -0.945867 -0.559843 2.059643 0.451743 -0.969429 -1.180430 -2.239562 -0.859328 -0.452332 -0.634772 -0.516333 0.376063
6 -0.374052 -0.502511 -0.674882 0.285633 -0.378723 2.150949 1.606883 -1.235000 -3.185527 0.463483 0.745420 -0.334128 0.452394 0.980061
6 -0.764804 0.362935 -0.593934 -0.368931 0.146541 1.128600 -0.624842 0.736258 -1.078008 -0.956500 0.152333 -0.120962 1.051365 0.929949
6 -0.077648 -1.667392 -0.799260 -0.060695 0.049631 3.225081 3.030497 -0.416471 -2.072979 -0.488978 -0.513014 -0.278191 1.007555 -0.938137
5 -0.019369 -0.212075 0.799927 -0.487335 3.034019 0.484424 0.379980 -1.822272 -2.307199 -0.606656 -0.061213 0.094553 0.243272 0.479943
5 0.016561 0.402896 0.606785 0.468603 1.285784 1.152764 0.074687 -2.289858 -2.214793 0.453728 0.204288 0.978495 -1.699501 0.559561
5 -0.344137 -0.367595 -0.287847 -0.068815 4.143333 -0.667809 -0.147728 -0.623843 -2.384398 -0.478705 -0.272724 0.095818 -0.421885 1.826336
5 -0.469855 -0.901957 -0.461588 -0.477465 8.794112 -0.760098 -0.241680 -0.457420 -0.025249 -0.988423 -0.523312 -0.144022 -1.542477 -1.800563
4 -0.789837 -0.162841 -0.552362 2.641168 1.120171 1.007258 -1.618967 0.617366 -4.717894 -1.307649 -0.489641 2.381322 -0.751695 2.623600
5 -0.022746 0.490821 -0.031993 0.535073 3.063354 -0.390635 0.190242 -0.107072 -3.249739 -0.800604 -0.262976 0.719851 -0.689234 0.555657
5 -0.110094 -2.320010 -0.495347 0.233312 4.463799 1.242422 -1.016295 0.487111 -1.709911 -0.010519 -0.491549 -0.368548 0.013424 0.082206
14 0.010751 0.042630 -0.649580 0.286787 -0.471816 -0.840598 -0.280919 0.885316 1.744670 -0.592051 -1.095647 -0.775011 -0.223776 1.959245
3 0.915608 -0.138191 1.052334 0.294264 0.515246 0.380877 -0.053980 -1.473964 -1.454396 -0.199073 -0.042903 0.346906 0.005262 -0.147989
5 -1.190140 0.786402 -0.127242 -0.115433 4.296932 0.325402 -0.853709 -1.341624 0.242696 -0.170022 -0.939629 -1.620949 1.526832 -0.819516
5 -3.777324 -3.870958 -4.503910 -0.879452 45.950869 -5.146121 -3.832246 -3.534972 -4.179206 -3.682744 -1.505604 -2.255651 -4.818739 -3.963940
5 -0.513577 -1.224843 -0.767646 1.930993 7.420157 -1.159053 0.164940 -0.924257 -2.353687 -0.840766 -1.084334 -0.371115 -0.504866 0.228055
5 -2.660900 -2.392980 -1.964671 -2.371425 38.213376 -3.812232 -2.588730 -3.561246 -2.666394 -3.361049 -2.504265 -2.893731 -3.538825 -3.896927
5 -0.306002 -1.099579 -0.335662 -0.278484 8.049895 -0.336047 -0.472711 -1.687927 -2.017703 -0.522712 -0.351274 -0.105141 -0.619263 0.082611
5 -2.214700 -2.753537 -3.025905 -2.506469 38.863887 -4.226575 -2.801991 -3.711849 -2.519862 -3.170139 -2.760762 -3.233834 -2.442517 -3.495748
5 -1.725503 0.368268 0.049280 0.410444 4.266217 -0.448951 -0.897651 0.421234 -1.665687 0.771303 0.459102 -1.188746 -1.342883 0.523573
5 1.198650 -0.883957 -0.700147 -0.931524 7.664636 -0.928008 -0.089668 -2.181400 -2.265912 -0.568232 -0.815644 -0.651322 2.107583 -0.955054
6 -0.867819 0.292717 -0.191087 0.199036 1.563763 1.723899 0.035044 -1.399334 -3.004865 0.424701 1.011673 0.404489 -0.359024 0.166805
13 0.302686 -0.103409 0.155797 0.485425 0.021011 0.400076 0.201270 -1.307783 -1.329412 -0.103017 0.201363 0.240830 0.512165 0.322998
11 -3.649535 -3.418309 -4.391826 -3.440274 -2.321220 -2.973978 -3.891017 -1.620903 -4.376658 -3.592493 41.680005 -2.483521 -3.467398 -2.052873
7 0.966744 -0.682528 -0.591613 -0.975862 0.006584 -0.292302 5.077404 -2.141845 -1.268138 -0.969863 0.849092 -0.260977 -0.654314 0.937617
11 -1.500997 -1.593637 -1.342617 -0.944004 -1.609084 -0.918944 -1.704326 -3.007319 -2.201610 -1.653658 20.896178 -1.529706 -0.807038 -2.083237
11 -0.437926 -0.999709 -0.970737 -0.786310 -1.063574 -0.813920 1.116956 -0.961470 -2.880002 -0.610912 8.454548 -0.794876 0.545688 0.202244
11 -0.920325 0.125348 -0.076225 0.191971 0.104744 -0.105095 0.007156 -1.484131 -3.086870 -0.261276 5.175301 0.101228 -0.517018 0.745193
11 0.596836 -0.405429 -0.194785 -0.133484 -0.393448 0.388753 -0.410704 -1.692144 -1.425472 0.238311 3.626239 -0.231792 0.278959 -0.241839
1 3.212591 0.081174 -0.391820 -0.520063 -0.957340 -0.341383 -0.277233 -0.762256 -1.329412 -0.577009 1.227448 0.086659 0.997329 -0.448685
11 -0.274866 -1.029851 -1.981028 -1.226142 -1.212012 0.269200 -1.957671 0.533687 -2.198123 -2.596800 14.210938 -0.650454 -0.732748 -1.154131
12 -0.144531 0.153874 0.661585 0.190717 0.260629 0.204549 -0.306807 -1.502614 -3.063911 0.121776 1.193174 1.678280 -0.136922 0.690201
11 -1.647016 -2.855498 -1.654226 -2.188790 -1.208489 -2.058932 -2.561091 -3.924906 -1.506056 -1.757816 26.365924 -1.707050 -1.246208 -2.049846
11 -2.023787 -1.776077 -2.234685 -1.808591 -2.014521 -1.044639 -2.572141 -1.993942 -2.160123 -2.236366 24.850649 -1.601648 -1.887648 -1.496483
11 -0.370639 -1.950186 -1.000991 -0.665722 -0.794333 -0.927482 -1.733320 -1.947105 -0.432021 -1.467520 12.846558 -0.621385 -0.074336 -0.861517
11 -0.495146 -0.417001 -0.233193 0.212642 0.465664 -0.444772 -0.318329 -1.791670 -1.682814 0.632407 4.794026 0.445123 -1.421287 0.254350
11 -1.068481 -0.791511 -1.064137 -1.491800 -1.205525 -0.685825 -1.152869 -1.544893 -1.804930 -1.106497 15.180763 -1.171736 -0.985365 -1.107193
11 -3.667312 -4.387825 -3.330998 -2.962180 -2.694885 -3.635231 -5.500710 -5.181548 -3.163236 -3.409085 48.605063 -3.650635 -3.565561 -3.455859
11 -2.442716 -2.981388 -1.836715 -1.723156 -2.265827 -1.944404 -0.627779 -5.546713 -1.738779 -2.222396 29.971779 -2.101797 -2.045898 -2.494213
11 -2.117777 -2.694729 -2.386153 -3.017981 -1.923658 -1.687137 -2.948329 -2.776894 -2.786188 -2.866003 31.503481 -1.877330 -1.894053 -2.527250
11 -1.310956 -0.797441 -1.058605 -0.764660 -1.712006 -1.057987 -1.523763 -1.590342 -1.753506 -1.094276 15.683039 -0.726823 -0.972879 -1.319795
7 0.391560 -0.192064 0.004927 -0.035650 -0.051908 0.378086 1.044203 -1.307783 -0.530370 -0.193832 0.049111 0.176215 0.241379 0.026127
11 -1.238738 -1.198272 -1.049166 -1.115495 -1.052012 -0.917748 -0.836446 -3.175866 -0.827271 -1.390047 15.962295 -0.995769 -1.145312 -1.020153
1 2.333791 -0.204585 0.037378 -0.404906 0.718476 0.076471 0.186512 -1.973188 -1.862427 0.036661 -0.100343 0.810508 0.286321 0.059331
4 0.346955 -0.100615 -0.274403 3.308366 -0.274163 -1.274540 0.016734 -1.710623 -0.862743 -1.261705 1.495943 0.076752 -1.377856 1.891898
7 -4.011709 -4.105546 -2.334121 -3.450106 -3.282716 -4.396495 39.685382 -3.830699 2.435266 -3.009691 -3.796108 -3.822505 -2.990134 -3.090816
11 0.501091 -0.273374 -0.682620 0.893402 0.281204 0.230203 0.287187 -1.221194 -0.557474 -0.755446 1.228094 0.293769 -0.410490 0.185648
7 -0.190397 -0.640397 -1.270910 0.482596 -0.330648 0.547505 2.185340 0.131759 -4.505039 1.066946 1.339343 0.219408 0.353927 0.610566
7 -10.518411 -9.589508 -9.351175 31.418216 -1.496375 -10.570714 78.231723 -9.308842 -9.248719 -9.591503 -10.360774 -9.100404 -10.542195 -9.971317
1 3.452247 -0.427334 -0.415337 -0.358522 -0.563257 -0.314876 -0.316646 -1.270245 -1.611121 -0.249812 -0.126628 0.166483 0.777776 1.257271
4 0.549246 -0.971517 0.755604 3.150458 -1.621003 -0.804357 -0.003416 -1.338825 -0.436375 -0.946562 0.296676 -0.498353 1.162335 0.706089
5 1.110278 -1.655086 -0.290340 1.202232 8.085295 -0.425542 -0.904580 -1.214301 -2.388900 -0.240868 -1.016189 -0.499488 -0.238170 -1.524340
14 -0.332282 0.081641 0.305286 0.422217 -0.082754 -0.169408 0.196734 -0.876147 -1.282036 0.379568 0.295867 0.271893 -0.323703 1.113124
4 -1.020844 0.198557 0.503820 6.633586 0.294985 0.112509 -1.202581 -0.377999 -3.174381 -0.801607 0.094434 -0.667686 -0.180593 -0.412198
8 0.933032 -0.584531 -1.534560 -0.939018 -1.321415 -0.093320 -0.347782 3.486272 -0.978351 0.985402 -1.202763 0.174734 -0.165863 1.588162
4 -0.324509 -0.805608 -1.490734 7.803473 0.184309 0.029563 -0.965058 -1.518662 -0.847731 -1.418468 -0.444126 -0.857572 0.093368 0.561756
4 -0.334185 0.238808 -0.668581 6.220984 0.452404 0.780655 -0.731829 -1.849701 -1.271983 -0.555190 0.194808 -0.461927 -0.379908 -1.634354
1 1.734093 0.661747 0.490365 -0.092246 0.292559 0.147117 -0.598758 -1.427790 -4.382247 0.462923 1.226248 1.124759 -0.723091 1.084321
4 -0.258238 -0.513327 0.040582 2.634351 0.352063 -0.703820 0.450231 -1.228500 -1.383367 -0.365500 -0.585564 0.587342 0.526832 0.446916
7 -3.308020 -3.653674 -3.030687 -2.894564 -2.840734 -4.092592 38.902101 -4.151583 3.511972 -3.737825 -4.159802 -4.188585 -3.046876 -3.309130
4 0.265117 -1.015590 -0.570012 4.624587 0.059931 0.101310 -1.699502 -1.259205 -1.140108 -0.715434 -0.366605 0.209352 1.829858 -0.323701
4 0.621295 -0.068694 -0.447916 1.954498 -0.655747 1.018589 -1.052776 0.166201 -1.536875 -0.264595 -0.741383 0.718295 0.196123 0.092984
1 2.200479 -0.925310 -1.077180 0.153785 -0.543294 0.925158 0.055669 0.686199 -1.286286 0.249230 -0.532303 -0.719616 0.320082 0.493387
12 0.377853 -1.556658 -2.030682 -0.021595 0.674188 -0.871272 0.321037 0.125856 -0.962446 0.210643 0.832339 1.270033 1.193740 0.436964
6 0.325516 -0.246287 0.125023 0.198026 -0.273792 0.757111 0.243560 -1.172263 -1.046916 -0.111800 0.548125 0.004735 0.386390 0.262572
12 -0.275528 -0.375280 0.541134 0.083140 0.298675 0.645194 0.169026 -1.675133 -0.573608 0.270636 -0.395576 0.773421 -0.033815 0.547716
3 -1.126023 -1.065509 13.658973 -1.142037 -1.542901 -0.153426 -0.098129 -1.660712 -3.959291 -0.904701 -0.889121 1.178445 -1.193635 -1.101933
3 -1.218533 -0.675010 5.996481 0.676232 -0.701154 -2.015121 -0.786814 -1.846093 -0.600585 1.522642 -0.599498 0.856006 -0.457384 -0.151170
3 -0.591033 -0.078774 1.082405 -0.134653 -0.776287 0.568496 0.248175 0.656537 -0.599356 0.147424 0.594858 0.299277 -1.072191 -0.344878
3 -0.861571 0.074344 2.782365 -0.787214 -0.252385 0.127586 0.977160 1.445514 -0.421179 -0.293132 -0.265634 -1.391486 0.089349 -1.223718
3 0.356720 -0.253460 3.873927 -0.350283 -0.200670 -0.291917 -0.339375 -0.808881 -0.231812 -1.154758 -0.434022 0.150197 -0.129061 -0.186605
1 1.063951 -0.323131 0.681483 -0.079563 -0.128144 0.966204 -0.652382 -0.562427 -1.472015 -0.275964 -0.256815 0.765438 -0.059233 0.332599
10 0.248632 -0.900083 0.789375 -0.067570 -0.433372 -1.259629 -0.295325 1.115998 -0.807575 1.918203 0.038289 0.074646 -0.899337 0.477746
5 0.567983 -0.915202 0.796665 0.165360 1.156224 0.748575 -1.774725 -0.150968 -2.125689 -0.568134 0.220734 0.571831 0.877900 0.429445
3 -0.256371 -0.741875 6.245330 -0.788903 -0.460379 0.268859 -1.972765 -0.493661 -2.749151 0.187712 -0.023782 1.139052 -0.227947 -0.126119
3 -0.251814 0.366669 3.061286 -0.516358 -0.366831 -0.276308 -0.738190 -0.332767 -0.601666 0.082228 0.078695 0.626014 -1.223582 0.092624
3 -0.634360 -1.131929 7.323530 0.373784 -0.085073 -0.740090 -0.245517 -0.661078 -3.303111 -0.907642 0.330459 0.580669 -1.335180 0.435536
14 -0.507425 0.364212 0.134542 -0.176311 -0.096692 -0.083784 0.945075 -0.031122 -0.095145 -0.044517 -0.345198 -0.597622 -0.598026 1.132013
3 1.354522 -0.714129 3.722340 -0.403419 -0.299025 -0.488389 -0.012629 -1.447714 -1.166575 -1.401963 -0.494666 0.339273 1.041099 -0.028725
3 -0.730773 0.080333 3.305915 -0.688574 -0.550386 1.085212 -0.223668 -0.787763 0.547177 -0.463185 -0.116804 -0.474831 -0.384822 -0.597829
6 -1.032884 -3.143138 -1.400797 -0.759421 -0.932371 18.576366 -0.877330 -2.405268 -2.329163 -1.241706 -0.113337 -0.649641 -1.701662 -1.989647
6 0.027010 -0.925977 -0.284532 -0.863159 -0.805998 5.171418 -0.053657 -0.330932 -1.561787 -0.562161 -0.087780 -0.461635 0.947488 -0.208297
6 0.487587 -0.227615 -0.482905 -0.323000 0.605836 4.148959 -0.450927 -0.511938 -2.123556 -0.897077 -0.258648 -0.381472 0.036217 0.378540
6 -6.365652 -7.131057 -5.345175 -5.802636 -6.277075 83.708606 -7.087459 -6.595577 -6.832951 -6.228616 -5.552192 -7.363134 -6.223790 -6.903292
6 -1.103845 -0.986690 -0.988905 -0.043735 -0.532855 10.835169 -0.793516 -1.211627 -1.889228 -1.083922 -0.997384 -0.556546 -0.460090 -0.186826
6 -5.626293 -3.462679 -3.812053 -2.553966 -3.067575 45.242739 -2.976576 -3.037514 -4.851232 -3.543620 -2.949357 -2.542321 -4.442065 -2.377487
6 -1.006895 -2.375545 -2.126379 -1.158241 0.186317 15.679172 -2.119882 0.737532 -1.479345 -3.089547 -0.847780 -1.458623 2.191658 -3.132442
6 -5.812549 -3.409323 -3.515407 -3.606456 -3.809524 49.734532 -5.441921 -2.157951 -2.486583 -3.853984 -3.519995 -4.017504 -4.521603 -3.581731
6 -6.365652 -7.131057 -5.345175 -5.802636 -6.277075 83.708606 -7.087459 -6.595577 -6.832951 -6.228616 -5.552192 -7.363134 -6.223790 -6.903292
6 -0.163871 -0.033307 -0.599922 -0.314168 -0.429309 2.545856 0.607283 0.556403 -1.586951 -0.359486 -0.734506 -0.284500 0.534274 0.262206
13 0.195290 -0.837853 -0.093806 0.035981 -0.530835 0.870034 -0.593541 -0.915666 0.208594 -0.434119 -0.080927 0.393475 1.530936 0.252439
6 0.010473 -1.068554 -0.863529 -1.014817 -0.040143 5.652997 -1.233911 0.797035 -0.645785 0.302177 -0.353388 -0.542093 -0.776607 -0.223855
6 -0.057952 -3.350352 -3.132617 -3.160771 -3.544908 36.522031 -2.739126 -2.953767 -3.210531 -3.467723 -3.527793 -1.875978 -2.447643 -3.052869
6 -5.816346 -4.602857 -3.485749 -3.010263 -4.060331 53.995372 -5.489305 -3.595794 -3.714024 -4.657245 -4.302142 -3.235852 -4.408531 -3.616930
6 -0.480812 -0.361152 0.699626 0.384203 1.482109 1.567992 0.321995 -1.856950 -3.085688 0.128821 1.009595 0.287402 -0.721805 0.624663
6 -1.302527 -3.219446 -0.463772 -2.611981 -0.190554 18.801688 -2.115610 -2.313428 -2.329606 -1.411438 0.230828 -2.991684 -0.462577 0.380109
6 -0.117735 -0.207007 0.650280 -0.063672 -0.114929 1.745665 0.867654 -1.497291 -0.934875 -0.181630 0.309896 -0.327581 -0.062896 -0.065879
6 -1.839469 -0.441602 -0.503175 0.053020 -0.362937 5.495955 -1.076764 0.697968 -1.782109 -0.338508 0.287238 -0.216812 -0.996790 1.023982
6 -6.365652 -7.131057 -5.345175 -5.802636 -6.277075 83.708606 -7.087459 -6.595577 -6.832951 -6.228616 -5.552192 -7.363134 -6.223790 -6.903292
6 -1.122016 0.156551 0.005520 0.416632 0.492823 1.375586 -0.140926 -0.292889 -2.084893 -0.104891 0.359151 0.330965 -0.056597 0.664983
6 -0.967683 -0.909719 -0.486817 0.011686 0.844116 5.881376 -3.204278 1.018303 -1.117802 -2.065770 -0.268795 -0.348699 -0.256666 1.870749
6 -6.365652 -7.131057 -4.546133 -5.802636 -6.277075 84.001429 -7.128020 -6.642062 -7.452249 -6.498184 -5.552192 -7.453957 -6.223790 -6.928422
6 -0.678898 -0.530909 -0.644839 -0.814945 -0.649749 13.462742 -0.793108 -2.294668 -2.237285 -1.995101 -0.623140 0.701364 -1.798827 -1.102637
6 -1.359990 -1.784622 -1.314140 -1.441764 -1.612982 17.166710 -0.800727 -2.283836 -1.527211 -1.127119 -0.957524 -1.104126 -0.910434 -0.942235
6 -0.800725 -0.513899 2.978848 -0.392637 0.217401 4.607235 -0.948674 -1.326421 -1.512096 0.080562 -0.670334 -0.561787 -0.680626 -0.476846
13 -0.855475 -1.707281 -2.034853 -0.856549 0.124826 -1.569349 -3.289844 -0.899608 -2.426830 -1.985628 -1.862990 -1.274241 18.411640 0.226182
13 1.481244 -0.374107 -0.109051 -0.318884 0.160658 -0.213390 0.633143 -1.398953 -1.365950 -0.919930 -0.092780 0.352433 2.248450 -0.082883
14 -0.679333 -0.142418 0.764048 0.293602 -0.180893 0.039515 -1.657355 0.317676 0.615760 0.128887 0.004921 -0.481597 -0.421343 1.398531
6 0.350503 0.089468 -0.054622 -0.419347 -0.290827 1.323616 -0.054383 -0.190713 -0.944082 -0.255073 0.712674 0.013361 -0.332792 0.052217
13 0.850337 -0.939834 -0.000029 1.141988 -0.257465 -0.185358 -0.556673 -0.881413 -1.878019 -0.764575 1.107913 0.616995 1.766407 -0.020274
13 -1.462573 -1.412171 -0.523823 -0.402383 0.067408 0.479574 -1.019085 -1.871814 -1.756598 0.113589 -0.461479 -1.612657 10.483474 -0.621460
9 0.746240 -1.080075 -0.615556 -0.040220 -0.648185 -0.003124 0.707076 -0.177002 1.321204 -0.754680 -1.710833 1.288904 1.168543 -0.202290
13 0.007050 -0.054653 0.499706 0.051684 -0.074897 0.266424 0.063131 -1.321059 -1.398057 -0.163157 0.155622 0.017192 1.727091 0.223924
13 -0.604788 -0.207626 -0.274144 -0.276753 -0.206654 0.182952 -0.201678 -1.569149 -2.460904 -0.628758 -0.454462 -0.297366 7.604005 -0.604675
13 -0.951511 0.594864 -0.830552 -0.287724 0.167512 -0.723107 -0.574276 0.006106 -2.593611 0.354683 -0.081024 -0.675959 5.854010 -0.259413
13 -0.304897 -0.021975 -0.531220 -0.596477 -0.914488 -0.469595 0.000471 -1.439979 -0.427314 0.538542 0.007710 -0.125558 3.496392 0.788388
9 0.707702 0.185600 -0.171572 -0.079955 1.480458 -0.238244 -0.000456 -23.331832 16.434755 -0.908611 -0.075680 0.906193 4.764159 0.327484
13 -0.832413 -1.853227 -0.574827 -0.177845 -0.296420 0.125404 -1.043991 -1.580132 0.333880 -0.145326 -0.667916 -0.245916 7.203835 -0.245103
13 0.668576 -0.014656 0.523068 -0.512590 -0.314177 0.277254 0.236326 -0.233930 -1.365958 -0.363857 -0.549665 -0.171962 2.246243 -0.424672
13 3.282903 -0.271788 -0.546917 -1.472632 -1.262390 -1.235246 -1.327855 -2.582846 -3.520347 -1.532207 -1.327057 1.799800 10.974022 -0.977438
13 -1.219113 -1.031546 0.387750 3.433581 -0.150998 -0.053753 -0.889017 -1.256511 -2.111924 -0.635420 -0.658166 -0.780834 5.907871 -0.941922
13 -1.085734 -1.237747 0.265419 -0.014840 -0.421898 0.156636 -0.985228 -1.890717 -0.637618 -0.521582 -0.149557 -0.455311 7.735427 -0.757248
8 -1.180297 2.709357 -0.210162 0.241787 -2.872928 -0.877550 -0.337790 6.276279 -3.538159 1.047682 -0.153264 -0.046626 -1.066311 0.007983
13 0.248012 -0.254639 -0.072825 -0.050297 0.064731 0.104838 0.292891 -0.908263 -1.329412 -0.106666 0.215363 0.149768 1.302183 0.344315
12 0.745674 -0.211851 -0.220304 0.001295 -0.186186 0.491272 0.661116 -1.349506 -0.934831 -0.236781 0.035222 0.761047 0.341742 0.102091
13 -1.242772 -1.372978 -0.774183 -0.575597 -1.861773 -0.789146 0.366220 -0.664860 -2.852202 -1.051256 -1.482622 -0.316411 12.770646 -0.153064
13 0.302381 0.050565 -0.017073 -0.279368 -0.374472 0.822159 0.549813 -1.246448 -1.371325 -0.299650 0.036143 0.376415 1.168926 0.281932
13 -0.853736 -0.784814 -0.524755 0.204236 -1.129029 -0.823420 0.538197 -1.364911 -2.013874 -1.163929 -1.025896 -0.866404 11.142627 -1.334292
13 0.818631 -0.642485 0.151511 -0.344607 -0.160640 0.543111 0.338643 0.010418 -1.553405 -0.071305 0.106930 -0.287558 1.309665 -0.218907
13 -0.139248 0.877778 0.503395 0.454368 -0.224682 -0.172828 -0.541639 -1.086813 -1.765286 -0.849444 -0.199908 -0.047826 3.449730 -0.257596
13 0.443779 -0.947695 -0.916559 -0.386119 -0.215016 -0.107564 -0.385952 -0.992205 -0.971310 -0.704778 1.624868 0.272707 3.715946 -0.430100
7 -6.331019 -7.304906 -7.206771 -7.043564 -6.766178 -7.631528 81.609547 -5.225970 -6.839341 -6.895073 -3.297921 -6.131805 -5.671702 -5.263767
7 -0.011354 -0.187501 -0.273852 -0.494592 -0.205876 -0.045073 5.233927 -1.463712 -1.797612 -0.520083 0.685555 0.184066 -0.227514 -0.876380
7 -8.488793 -9.034352 -7.404825 -7.353632 -6.141533 -5.948570 81.842725 -5.727788 -5.591361 -7.356748 -1.523216 -7.363787 -4.074589 -5.833528
5 0.273486 0.806312 -0.332642 -1.115701 3.645743 0.387067 0.121966 2.475057 -1.494210 -0.183176 -1.362133 -1.319565 -0.833308 -1.068895
7 0.022933 -1.550279 -0.980458 -2.074027 -0.465897 -1.205614 17.339574 -2.617325 -2.028905 -1.385068 -1.608732 -1.462703 -0.601937 -1.381562
7 0.037089 -0.939342 -0.119726 -0.647594 0.441277 1.648567 4.453250 -1.932405 -2.146354 -0.498248 -0.735939 0.603286 -0.819941 0.656081
7 -6.945747 -6.477595 -6.084829 -6.531390 -6.300576 -6.585687 85.937113 -6.838480 -6.999041 -6.318311 -7.233239 -6.627327 -6.355987 -6.638901
7 -1.146689 -0.743302 -0.692492 0.354005 1.803038 0.031505 4.084165 -0.682560 -0.589526 0.467944 -1.221441 0.305028 -2.366332 0.396656
7 -3.712185 -4.613269 -3.764236 -4.073467 -3.334953 -3.703375 49.912601 -4.372372 -3.016270 -3.715025 -4.761710 -3.519120 -3.311199 -4.015420
13 0.225477 0.270212 -0.258700 -0.455996 -0.331395 0.189139 2.221204 -2.543820 -1.329412 -0.416937 -0.774784 -0.201450 2.290197 1.116265
7 -6.521664 -7.033055 -6.525947 -6.348379 -6.673026 -6.455325 81.838576 -6.267004 -7.040642 -5.902911 -6.277264 -6.026012 -3.822768 -6.944579
7 -6.619220 -5.848053 -6.354078 -6.636446 -5.783291 -7.054552 77.966710 -7.286279 -6.690327 -5.185264 -5.950306 -6.423334 -6.713608 -1.421949
7 -6.107749 -6.283094 -7.206616 -8.546001 -7.588751 -6.874109 91.913660 -6.427957 -6.731224 -7.156422 -7.840222 -6.592974 -6.504759 -8.053781
7 -5.651824 -6.238425 -5.615987 -6.697256 -5.189361 -6.523337 80.745560 -6.450868 -6.473574 -7.235199 -6.819654 -5.707779 -5.850694 -6.291598
12 1.273573 -0.462726 -0.396288 -0.895782 0.104865 0.755449 -1.185106 -1.270852 -0.194851 -0.562659 -0.326980 3.044602 -0.320918 0.437672
7 -6.149859 -6.347972 -6.102496 -5.807874 -5.582956 -6.350166 82.217296 -7.446802 -5.765696 -6.388469 -6.916616 -6.202757 -6.840453 -6.315176
7 -7.763369 -7.179275 -6.950647 -6.355067 -7.316239 -7.669120 94.721181 -6.916855 -7.042096 -8.340073 -8.712084 -5.947396 -6.305404 -8.223554
7 -0.396690 -0.317432 -0.641063 -0.313772 0.297361 -0.568246 6.918311 -1.590086 -2.100233 -0.667964 -0.520854 0.551459 -0.106015 -0.544775
7 -8.117211 -6.104725 -5.437681 -5.967585 -5.158943 -6.162538 82.032990 -7.083092 -8.264443 -6.421455 -5.060028 -5.607782 -6.492249 -6.155256
11 0.529695 -1.578334 -0.571431 -1.150253 -0.812067 0.145154 -2.036047 -2.416960 -2.346146 -1.165039 13.297300 -0.776476 -0.663548 -0.455846
7 -5.912282 -6.204823 -6.251132 -7.537641 -6.556976 -6.588778 84.610510 -7.661345 -6.248472 -7.269236 -5.488138 -6.320864 -6.991458 -5.579361
7 -5.222673 -7.138553 -6.587858 -6.935779 -5.033054 -7.933840 82.182923 -5.329886 -5.773785 -7.162697 -7.056819 -5.094039 -7.386360 -5.527579
7 -5.926288 -6.806004 -6.784266 -7.802591 -6.867121 -7.530853 89.570078 -7.568505 -7.169417 -6.807865 -6.683169 -7.068393 -5.979937 -6.575667
7 2.877194 -2.839331 -3.497342 -4.143667 -3.711204 -3.767131 41.280467 -4.148728 -4.373048 -3.580779 -3.634800 -3.381800 -2.905490 -4.174340
7 -7.524317 -6.844305 -4.131944 -6.523608 -5.626135 -6.829618 79.935203 -7.286315 -7.037627 -6.720040 -3.763602 -7.181403 -6.628444 -3.837842
12 -1.275196 -0.268677 0.435645 -0.617350 -0.282470 0.125167 -0.368587 -0.649933 -1.401697 0.428396 1.153305 3.013793 -0.351867 0.059471
13 0.271985 -0.638313 1.344826 0.523281 -0.806038 -0.409408 -0.604810 -1.734073 -0.918711 -0.662094 0.190391 1.321498 3.217682 -1.096215
13 0.166068 -0.904442 0.578263 0.347020 -0.688708 0.963989 0.478528 -0.710232 -1.879735 -0.489235 0.471998 0.720843 1.230713 -0.285069
6 0.219783 -0.440334 -0.427831 -0.078852 -0.468760 1.432044 0.720173 -0.813196 -2.135270 -0.316918 0.031636 1.414449 0.775141 0.087936
9 -0.194261 0.194432 -0.269265 -0.529673 -0.823671 -1.353894 -0.755308 -0.061570 2.436198 0.051925 -0.390428 1.221509 0.211623 0.262383
14 0.088331 -1.196826 -0.011311 0.516364 -0.019070 0.293762 -0.822700 -2.077429 -0.218638 0.633646 0.032756 1.068330 0.162342 1.550444
9 -1.004236 1.711028 0.843192 0.818179 2.122900 0.325362 -0.040912 -25.835414 13.502643 1.512651 1.096782 3.014656 0.364475 1.568695
12 0.425172 -0.128428 -0.277286 -0.245525 -0.071782 0.019487 -0.447470 0.940200 -0.545456 -0.868865 -0.575734 1.081831 0.767875 -0.074018
12 -0.419671 -0.854134 0.125032 -0.155655 -1.522853 0.540135 1.665906 -1.492220 -1.395950 -0.946754 -0.791013 7.470380 -0.814413 -1.408790
7 0.803283 0.330711 -0.060503 0.138083 0.236650 -0.033716 1.101669 -1.744790 -2.870418 0.205917 0.571581 0.116098 0.342918 0.862516
10 0.201886 0.088504 -0.057626 -0.227332 0.090851 0.222125 0.097483 -1.164075 -1.759739 1.332748 0.007326 0.184326 0.625861 0.357664
7 -0.141381 -1.687885 -0.595138 -1.265276 1.433715 0.251810 5.855542 -1.262828 -1.336817 -0.093286 -1.122537 -0.779868 0.750147 -0.006199
12 -1.653139 -1.374255 0.897491 -1.286501 -1.029695 -0.666540 -2.135280 0.277559 -1.154995 -1.145503 -0.941541 11.370121 -0.644987 -0.512736
12 0.157017 -0.154667 -0.043718 -0.037394 -0.088038 0.186799 0.151273 -1.349916 -1.453931 0.561421 0.547160 0.963832 0.387094 0.173068
12 -0.071240 0.380147 -0.939110 -1.052868 -0.088281 -0.142470 0.691527 -0.663204 -1.071665 0.306805 -0.030541 2.312222 -0.044786 0.413464
12 -0.202968 0.210482 -0.089176 0.838594 -0.143901 -0.064138 1.360486 -1.916610 -3.125948 0.001922 0.441261 1.923743 0.193919 0.572335
5 -1.592131 1.275030 -2.106070 -0.908786 8.130565 0.669334 -1.584332 0.527741 -1.850330 -0.608927 -0.530345 0.195369 -1.233464 -0.383654
14 0.444850 0.113805 0.806844 0.039775 0.159736 0.327930 -0.081814 -1.657887 -3.390141 0.441272 0.737999 0.601952 0.301234 1.154444
12 -0.790347 -0.945584 -0.174483 -0.405677 0.110615 0.959348 0.866635 -1.008007 -1.896304 0.579225 -0.425487 3.278105 0.119286 -0.267325
12 0.689515 1.217772 0.622854 -0.239471 -0.927983 -0.382489 -0.262107 -2.444048 -1.357417 0.188674 0.244308 1.719531 0.693742 0.237119
14 1.491742 -1.609543 -0.402811 0.644174 -1.417192 0.993869 -0.801169 -0.965792 -0.119667 -0.932944 -1.504053 0.535274 -0.043275 4.131387
12 -1.643945 0.354075 0.101279 -0.526889 -0.256173 0.121527 0.304771 -1.766585 -3.390006 -0.691513 0.158241 9.002581 -1.290715 -0.476646
12 -0.095018 -0.324331 -0.024397 -0.320495 -0.855993 0.552967 0.291758 -1.271936 -0.971079 0.210248 0.675187 2.944639 -0.666581 -0.144971
14 -1.804087 -0.492446 -2.051705 -2.351446 -2.354478 -1.518874 -0.356957 -2.606315 -1.905901 -1.483590 -1.747182 -0.817575 -2.020285 21.510842
14 1.071118 0.762521 0.083757 -0.266656 -1.907902 -0.185305 0.021143 -2.268634 -0.490391 -0.473043 -0.318288 0.497549 0.882072 2.592058
14 -3.245526 -1.985322 -1.102507 -1.956900 -2.252670 -3.862334 -1.563887 -0.308410 -2.701106 6.856633 -1.565536 -2.254341 -1.762702 17.704608
14 -2.996050 -0.747141 -2.723715 -2.194652 -1.443841 -1.967187 -0.868562 -0.981538 0.925262 -1.739915 -1.497501 -2.971762 -1.720838 20.927442
13 -0.160565 1.421055 -0.497365 0.615016 -0.379662 -0.067617 -0.555606 -0.392340 -0.758566 -0.748959 -0.878461 0.331978 1.588655 0.482439
14 -0.906815 -0.542887 -0.883071 0.807071 -0.894974 0.011674 -0.904841 -1.494498 -3.320467 0.353854 1.174343 0.014196 0.599122 5.987293
6 0.068888 0.993255 -0.432322 -0.456672 -0.078230 1.342989 -0.720758 -0.230978 -0.790496 -1.144888 0.253279 -0.179711 0.697098 0.678544
14 -0.046695 -0.680505 0.045215 1.734973 -1.012659 0.574198 0.469660 -1.439341 -1.395027 -0.026761 0.160757 0.247842 -0.406825 1.775167
14 0.309960 -0.563318 -1.329502 -1.869366 -1.473547 -1.609894 -1.025363 -3.475307 -1.918578 -0.540095 -1.696328 -1.334425 -0.369152 16.894915
14 -0.760740 -0.969807 -0.370037 -0.287295 -0.462719 -0.636053 -0.434467 -1.663834 -1.626544 -0.513640 -0.735116 -0.710904 -0.325564 9.496720
7 -0.320622 -0.289807 -0.334090 -0.892036 -0.474637 0.672204 1.271014 -0.711344 -0.217316 -0.615973 -0.458120 0.361778 0.991371 1.017578
14 0.372605 0.204887 0.496969 -0.010694 -0.385533 -0.435546 -0.138533 -1.714550 -1.629576 -0.150377 -0.229684 0.304609 1.570636 1.744788
14 0.458518 -0.020260 -0.297803 -0.046260 0.884383 0.456662 -1.050653 -1.952387 -1.106186 1.121389 0.058304 -0.034128 0.328412 1.200007
14 0.208357 -0.266592 -0.640841 -0.136415 -0.394789 1.057999 -0.115976 -0.109221 -0.644698 -0.609170 0.325349 -0.032126 0.094741 1.263383
5 -0.168555 1.164766 0.237258 0.724196 2.092316 0.314845 0.351256 -2.203555 -3.384622 -0.048750 0.401947 0.914252 -0.637835 0.242481
14 -0.406659 -0.840856 0.312224 0.760081 -0.128370 0.325000 0.437856 -1.666691 -2.537992 -0.163367 1.512679 0.218214 -1.103223 3.281104
14 -1.479943 -0.643146 -0.432383 -0.433860 -1.072040 -1.104143 -0.047903 -1.148565 -1.541308 -1.739225 1.478248 -0.318286 -1.142769 9.625323
14 0.305330 -0.179306 0.144770 -0.009493 0.030517 0.316568 0.234740 -1.307783 -1.443739 -0.270509 0.065937 0.138428 0.431665 1.542877
14 -1.272390 0.268491 -1.069691 -0.757353 -1.079883 -0.299694 -1.014666 -1.290690 -0.133619 -0.681480 -1.369748 -0.429270 0.952280 8.177713
14 0.716138 0.362386 -0.155006 -0.377218 -0.269202 0.264335 -0.804283 -1.910850 -2.321716 -0.301567 1.524227 0.321416 0.003624 2.947716
14 0.081868 0.553468 0.264401 0.488993 1.084772 -0.329904 0.071122 -1.357697 -3.243760 1.160747 0.958342 -0.443233 -1.045572 1.756452
14 0.696501 -0.474033 -0.187370 0.914751 0.367158 0.243222 -0.986993 -0.817404 -1.768866 -0.493124 -0.188702 -0.422137 1.246698 1.870300
8 -1.927113 -0.653533 -1.241707 -1.548321 -0.764899 -0.460097 -1.102036 30.364383 -17.609610 -1.402636 -1.031765 -1.066484 -1.001738 -0.554444
8 -0.644830 -0.577879 -1.469989 -1.823739 -2.218618 -0.577685 -0.532837 33.616674 -17.164856 -1.903960 -2.071441 -1.057085 -1.108734 -2.465021
8 -2.297687 -2.493716 -3.846143 -3.670898 23.848173 -1.986404 -2.821941 24.054573 -17.185912 -3.737328 -2.811714 -1.829074 -2.285751 -2.936176
8 -1.225430 -1.324764 -1.179428 -1.292789 -1.271087 -1.562626 -1.316827 32.354983 -16.770082 -1.589615 -1.359489 -1.214819 -1.134047 -1.113981
8 -0.594243 -0.791360 -1.086449 -1.347722 -1.463704 -1.183446 -2.238787 28.566639 -15.846595 -0.229794 -0.831924 -0.639062 -1.222264 -1.091290
1 2.670687 0.197459 0.505083 -0.374008 -1.547986 -0.462225 -1.769124 -0.999335 -0.622672 1.404153 0.001815 1.153808 -0.107481 -0.050175
8 -1.109965 -2.397656 -1.071663 -1.949161 -1.580849 0.680777 0.091145 27.123871 -16.576638 -0.298236 -1.102510 -1.639742 1.327818 -1.497191
8 -1.724589 -0.676641 -2.702142 -1.842993 -3.110603 -2.528791 2.302415 35.375107 -16.911747 -1.515264 -2.863478 0.784834 -2.323414 -2.262695
8 -0.588645 0.283788 -0.802358 -0.975255 0.553886 -0.473213 -2.727819 29.568397 -20.752712 -2.072704 -0.395807 1.624286 -2.191332 -1.050513
8 2.046913 -0.179956 -1.098860 -1.215835 -1.280359 -1.255795 -0.279092 23.914027 -17.738257 -0.688170 -0.554446 -0.380819 -1.008478 -0.280873
8 -1.589698 0.193587 -1.087468 -1.285460 -0.564172 -0.172853 -2.074172 26.941400 -18.793238 -0.069997 0.129522 -0.504080 -2.119010 0.995638
8 -1.342368 -0.960186 -0.903155 -0.881090 -1.197087 -0.878375 -0.283821 28.651757 -16.601309 -0.896648 -1.193813 -1.457439 -1.828933 -0.227531
8 -1.399290 -0.635872 -0.517378 -1.850278 -1.456027 -1.538804 -0.451375 24.108521 -16.846599 -0.383687 -0.948039 -0.107361 0.939024 1.087165
8 -0.301946 -0.907632 -0.887575 -1.202695 -1.017555 -0.704236 0.183549 24.207975 -16.138973 -0.448020 -0.578676 -0.767151 -0.678915 -0.758150
8 -1.639077 0.373337 -1.400505 -3.030547 -1.482227 -0.448218 -2.008984 30.696861 -13.861054 -1.639603 -1.849998 -1.798889 -1.794815 -0.116281
8 -0.411171 -0.202147 -0.843494 -0.736145 0.722513 -0.500654 -0.776296 23.354462 -17.194429 -0.952217 -1.325910 -0.337493 -0.222809 -0.574210
8 -0.489979 -1.198520 -1.236954 -1.968738 -1.527903 -1.659182 0.142141 25.123933 -13.242746 -2.292566 -0.131595 -1.480241 1.027431 -1.065083
8 -1.308800 -0.596921 -2.175210 -0.458114 -1.281688 -1.710182 0.228808 26.703688 -17.302462 -0.694253 0.165367 -1.675496 0.050433 0.054830
6 -0.804529 1.324957 -0.862419 -0.176830 1.156042 2.700814 -1.487211 0.487132 -4.171982 0.118614 1.367263 0.415545 -0.156010 0.088612
8 -1.570705 -0.507449 -2.810886 -1.327850 -0.460777 -0.289433 -0.488612 28.510644 -18.072940 0.056493 -0.409334 -1.222018 -1.101731 -0.305401
8 0.020346 0.608118 -0.648058 -1.561355 -2.031070 -1.644796 -0.859295 27.501425 -17.270366 -0.455329 -2.297342 -0.007394 -0.699130 -0.655753
8 -1.731841 -1.264701 -0.385162 0.382604 -2.202164 -0.187536 -1.831388 29.712666 -17.407971 -1.765225 -1.384232 -0.722978 -0.905015 -0.307057
8 -1.185547 0.707997 -0.826976 -0.878196 -0.636667 -0.706843 -0.027529 23.064790 -16.812319 -0.637128 0.215657 -0.954670 -0.819779 -0.502790
9 0.919329 0.295233 0.642680 1.037122 1.979611 0.595449 1.885755 -24.782435 14.939513 0.435465 0.471039 0.974717 0.166162 0.440361
9 0.348900 0.883399 0.780941 0.345517 0.972489 0.543247 1.114837 -25.870275 18.454019 0.132726 0.254680 1.071594 0.380194 0.587734
9 0.459203 0.132722 0.691280 0.679699 1.303411 1.312746 1.990704 -24.963671 16.532800 0.013265 0.484823 0.622110 0.594277 0.146631
9 0.091043 0.061315 1.267402 0.493470 -0.187774 0.002356 2.241373 -24.089489 16.732003 1.237042 0.755493 1.374470 0.791813 -0.770516
9 1.430803 -0.263560 0.906731 0.443778 0.760010 1.304013 0.716780 -25.126430 18.627037 0.170897 0.559517 0.203607 0.284927 -0.018110
9 0.147085 0.306522 0.357119 0.346191 -0.174297 0.089000 -0.101998 -25.209342 17.128263 0.089073 0.025745 0.052021 6.931607 0.013012
9 1.497833 0.540588 0.265742 0.877040 1.024842 0.027284 0.144230 -24.407553 17.157219 -0.398207 -0.118004 0.734460 2.559948 0.094577
9 0.814619 0.693392 0.708044 0.959530 0.739147 0.924497 0.686125 -24.978873 15.840192 0.920471 0.666048 0.788278 0.704597 0.533935
9 0.055540 0.099235 0.804014 1.096302 0.209764 1.329880 1.354902 -24.926208 16.344335 1.212205 0.531404 1.614810 -0.073982 0.347800
9 0.576302 0.103814 0.618299 0.651477 0.217213 1.096780 0.439642 -24.588679 17.162144 0.764331 0.851438 0.522205 1.636086 -0.051051
9 1.315472 0.634776 0.621127 1.525736 0.636750 0.746202 0.534516 -25.000718 16.051843 0.357612 0.492938 0.989417 0.839703 0.254627
9 0.012996 0.672215 1.233244 0.488776 1.304326 -0.262372 0.144267 -25.519810 18.288055 1.194925 -0.084889 0.474648 0.639932 1.413687
9 0.641122 -0.013243 2.473415 0.227459 1.553518 1.138292 0.351122 -24.392155 15.816665 0.964561 0.481720 0.573687 0.037740 0.146097
9 1.066374 -0.508513 0.556592 3.027673 1.801964 0.770113 -0.964237 -23.999215 16.481041 0.374928 0.006223 0.538782 0.655522 0.192755
9 0.500451 0.519413 1.637812 1.325648 0.195941 0.755614 0.157703 -25.053705 16.399745 0.752117 0.400857 0.156121 0.865578 1.386706
9 0.702823 1.957255 0.457525 -0.045132 1.823464 1.255686 1.194923 -23.448857 13.448591 0.502072 1.450627 -0.313525 0.528039 0.486510
14 -0.354952 -0.044241 -0.649636 0.885024 0.170959 -0.803915 -0.235397 -0.784745 -0.808080 0.168392 -0.253057 -0.298479 -0.336895 3.345023
9 0.769315 0.027068 0.285359 3.112848 0.759027 0.151797 -0.089698 -24.414646 16.425255 0.329998 0.062102 0.864851 1.676192 0.040532
9 0.883273 0.477526 0.836657 0.547602 0.028165 0.373149 0.265339 -24.999861 17.122863 0.180788 0.065017 1.167851 1.036281 2.015352
